
map -i "es4finalproj_impl_1_syn.udb" -pdc "C:/Users/gsess/OneDrive/Documents/es4_final_proj/ES4_Snake/ports.pdc" -o "es4finalproj_impl_1_map.udb" -mp "es4finalproj_impl_1.mrp" -hierrpt     
map:  version Radiant Software (64-bit) 3.2.1.217.3

Copyright (c) 1991-1994 by NeoCAD Inc. All rights reserved.
Copyright (c) 1995 AT&T Corp.   All rights reserved.
Copyright (c) 1995-2001 Lucent Technologies Inc.  All rights reserved.
Copyright (c) 2001 Agere Systems   All rights reserved.
Copyright (c) 2002-2022 Lattice Semiconductor Corporation,  All rights reserved.

Command line:   map -i es4finalproj_impl_1_syn.udb -pdc C:/Users/gsess/OneDrive/Documents/es4_final_proj/ES4_Snake/ports.pdc -o es4finalproj_impl_1_map.udb -mp es4finalproj_impl_1.mrp -hierrpt -gui 

Loading device for application GENERIC from file 'itpa08.nph' in environment: C:/lscc/radiant/3.2/ispfpga.
Package Status:                     Preliminary    Version 1.5.



WARNING - C:/Users/gsess/OneDrive/Documents/es4_final_proj/ES4_Snake/ports.pdc (10) : No port matched &apos;delete_me&apos;.
WARNING - No port matched 'delete_me'.
WARNING - Can't resolve object 'delete_me' in constraint 'ldc_set_location -site {37} [get_ports delete_me]'.
WARNING - Remove invalid constraint 'ldc_set_location -site {37} [get_ports delete_me]'.
   Remove unused logic

   Do not produce over sized UDBs.

Running general design DRC...

Removing unused logic...

Optimizing...




Design Summary:
   Number of slice registers:  50 out of  5280 (1%)
   Number of I/O registers:      1 out of   117 (1%)
   Number of LUT4s:           393 out of  5280 (7%)
      Number of logic LUT4s:             252
      Number of inserted feedthru LUT4s:   7
      Number of ripple logic:             67 (134 LUT4s)
   Number of IO sites used:   16 out of 39 (41%)
      Number of IO sites used for general PIO: 16
      Number of IO sites used for I3C: 0 out of 2 (0%)
      (note: If I3C is not used, its site can be used as general PIO)
      Number of IO sites used for PIO+I3C: 16 out of 36 (44%)
      Number of IO sites used for OD+RGB IO buffers: 0 out of 3 (0%)
      (note: If RGB LED drivers are not used, sites can be used as OD outputs,
       see TN1288 iCE40 LED Driver Usage Guide)
      Number of IO sites used for PIO+I3C+OD+RGB: 16 out of 39 (41%)
   Number of DSPs:             2 out of 8 (25%)
   Number of I2Cs:             0 out of 2 (0%)
   Number of High Speed OSCs:  1 out of 1 (100%)
   Number of Low Speed OSCs:   0 out of 1 (0%)
   Number of RGB PWM:          0 out of 1 (0%)
   Number of RGB Drivers:      0 out of 1 (0%)
   Number of SCL FILTERs:      0 out of 2 (0%)
   Number of SRAMs:            0 out of 4 (0%)
   Number of WARMBOOTs:        0 out of 1 (0%)
   Number of SPIs:             0 out of 2 (0%)
   Number of EBRs:             0 out of 30 (0%)
   Number of PLLs:             1 out of 1 (100%)
   Number of Clocks:  4
      Net CLK: 11 loads, 11 rising, 0 falling (Driver: Pin HSOSC_inst/CLKHF)
      Net NES_inst.NESclk: 8 loads, 8 rising, 0 falling (Driver: Pin NES_inst.count_325_405__i8/Q)
      Net display_inst.clk: 15 loads, 15 rising, 0 falling (Driver: Pin display_inst.pll_init.lscc_pll_inst.u_PLL_B/OUTGLOBAL)
      Net pll_in_clock_c: 1 loads, 1 rising, 0 falling (Driver: Port pll_in_clock)
   Number of Clock Enables:  3
      Net VCC_net: 1 loads, 0 SLICEs
      Net NES_inst.output_7__N_35: 8 loads, 7 SLICEs
      Net display_inst.vga_init.n3036: 6 loads, 6 SLICEs
   Number of LSRs:  4
      Net display_inst.vga_init.n3036: 6 loads, 6 SLICEs
      Net display_inst.vga_init.n3181: 6 loads, 6 SLICEs
      Net display_inst.vga_init.VSYNC_N_87: 1 loads, 1 SLICEs
      Net display_inst.vga_init.HSYNC_N_84: 1 loads, 1 SLICEs
   Top 10 highest fanout non-clock nets:
      Net VCC_net: 64 loads
      Net column_cnt[5]: 24 loads
      Net column_cnt[6]: 23 loads
      Net column_cnt[4]: 20 loads
      Net column_cnt[8]: 20 loads
      Net column_cnt[7]: 19 loads
      Net display_inst.column_cnt[3]_2: 17 loads
      Net column_cnt[9]: 16 loads
      Net row_cnt[3]: 16 loads
      Net row_cnt[4]: 16 loads
Running physical design DRC...

 

   Number of warnings:  4
   Number of errors:    0



Total CPU Time: 1 secs  
Total REAL Time: 2 secs  
Peak Memory Usage: 64 MB


par -f "es4finalproj_impl_1.p2t" "es4finalproj_impl_1_map.udb" "es4finalproj_impl_1.udb"

Lattice Place and Route Report for Design "es4finalproj_impl_1_map.udb"
Mon Dec  5 21:15:39 2022

PAR: Place And Route Radiant Software (64-bit) 3.2.1.217.3.
Command Line: par -w -t 1 -cores 1 -exp parPathBased=ON \
	es4finalproj_impl_1_map.udb es4finalproj_impl_1_par.dir/5_1.udb 

Loading es4finalproj_impl_1_map.udb ...
Loading device for application GENERIC from file 'itpa08.nph' in environment: C:/lscc/radiant/3.2/ispfpga.
Package Status:                     Preliminary    Version 1.5.
Performance Hardware Data Status:   Advanced       Version 1.0.



Design:  top
Family:  iCE40UP
Device:  iCE40UP5K
Package: SG48
Performance Grade:   High-Performance_1.2V
WARNING - No master clock for
	generated clock	create_generated_clock -name {display_inst/clk} -source [get_pins {display_inst/pll_init/lscc_pll_inst/u_PLL_B/REFERENCECLK}] -multiply_by 67 -divide_by 32 [get_pins {display_inst/pll_init/lscc_pll_inst/u_PLL_B/OUTGLOBAL }] .
WARNING - No master clock for
	generated clock	create_generated_clock -name {pll_outcore_o_c} -source [get_pins {display_inst/pll_init/lscc_pll_inst/u_PLL_B/REFERENCECLK}] -multiply_by 67 -divide_by 32 [get_pins {display_inst/pll_init/lscc_pll_inst/u_PLL_B/OUTCORE }] .

WARNING: Database constraint "create_generated_clock -name {pll_outcore_o_c} -source [get_pins display_inst.pll_init.lscc_pll_inst.u_PLL_B/REFERENCECLK] -divide_by 32 -multiply_by 67 [get_pins display_inst.pll_init.lscc_pll_inst.u_PLL_B/OUTCORE]" does not have corresponding timing constraint. Please check if the resource objects of the constraint are valid carefully!
Number of Signals: 563
Number of Connections: 1426
Device utilization summary:

   SLICE (est.)     207/2640          7% used
     LUT            395/5280          7% used
     REG             50/5280         <1% used
   PIO               16/56           28% used
                     16/36           44% bonded
   IOLOGIC            1/56            1% used
   DSP                2/8            25% used
   I2C                0/2             0% used
   HFOSC              1/1           100% used
   LFOSC              0/1             0% used
   LEDDA_IP           0/1             0% used
   RGBA_DRV           0/1             0% used
   FILTER             0/2             0% used
   SRAM               0/4             0% used
   WARMBOOT           0/1             0% used
   SPI                0/2             0% used
   EBR                0/30            0% used
   PLL                1/1           100% used
   RGBOUTBUF          0/3             0% used
   I3C                0/2             0% used
   OPENDRAIN          0/3             0% used

Pin Constraint Summary:
   16 out of 16 pins locked (100% locked).

Finished Placer Phase 0 (HIER). CPU time: 2 secs , REAL time: 2 secs 


................
Finished Placer Phase 0 (AP).  CPU time: 2 secs , REAL time: 2 secs 

Starting Placer Phase 1. CPU time: 2 secs , REAL time: 2 secs 
..  ..
....................

Placer score = 74585.

Device SLICE utilization summary after final SLICE packing:
   SLICE            205/2640          7% used

WARNING - No master clock for
	generated clock	create_generated_clock -name {display_inst/clk} -source [get_pins {display_inst/pll_init/lscc_pll_inst/u_PLL_B/REFERENCECLK}] -multiply_by 67 -divide_by 32 [get_pins {display_inst/pll_init/lscc_pll_inst/u_PLL_B/OUTGLOBAL }] .
WARNING - No master clock for
	generated clock	create_generated_clock -name {pll_outcore_o_c} -source [get_pins {display_inst/pll_init/lscc_pll_inst/u_PLL_B/REFERENCECLK}] -multiply_by 67 -divide_by 32 [get_pins {display_inst/pll_init/lscc_pll_inst/u_PLL_B/OUTCORE }] .
Finished Placer Phase 1. CPU time: 22 secs , REAL time: 23 secs 

Starting Placer Phase 2.
.

Placer score =  96182
Finished Placer Phase 2.  CPU time: 22 secs , REAL time: 24 secs 


------------------ Clock Report ------------------

Global Clocks :
  PRIMARY "CLK" from comp "HSOSC_inst" on site "HFOSC_R1C32", clk load = 11, ce load = 0, sr load = 0
  PRIMARY "display_inst.clk" from OUTGLOBAL on comp "display_inst.pll_init.lscc_pll_inst.u_PLL_B" on site "PLL_R13C32", clk load = 15, ce load = 0, sr load = 0

  PRIMARY  : 2 out of 8 (25%)

--------------- End of Clock Report ---------------


I/O Usage Summary (final):
   16 out of 56 (28.6%) I/O sites used.
   16 out of 36 (44.4%) bonded I/O sites used.
   Number of I/O comps: 16; differential: 0
   Number of Vref pins used: 0

I/O Bank Usage Summary:
+----------+---------------+------------+------------+------------+
| I/O Bank | Usage         | Bank Vccio | Bank Vref1 | Bank Vref2 |
+----------+---------------+------------+------------+------------+
| 0        | 3 / 14 ( 21%) | 3.3V       |            |            |
| 1        | 5 / 14 ( 35%) | 3.3V       |            |            |
| 2        | 8 / 8 (100%)  | 3.3V       |            |            |
+----------+---------------+------------+------------+------------+

Total Placer CPU time: 22 secs , REAL time: 24 secs 

Writing design to file es4finalproj_impl_1_par.dir/5_1.udb ...


Start NBR router at 21:16:03 12/05/22

*****************************************************************
Info: NBR allows conflicts(one node used by more than one signal)
      in the earlier iterations. In each iteration, it tries to  
      solve the conflicts while keeping the critical connections 
      routed as short as possible. The routing process is said to
      be completed when no conflicts exist and all connections   
      are routed.                                                
Note: NBR uses a different method to calculate timing slacks. The
      worst slack and total negative slack may not be the same as
      that in timing report. You should always run the timing    
      tool to verify your design.                                
*****************************************************************

Starting routing resource preassignment
Preassignment Summary:
--------------------------------------------------------------------------------
165 connections routed with dedicated routing resources
2 global clock signals routed
191 connections routed (of 1420 total) (13.45%)
---------------------------------------------------------
Clock routing summary:
Primary clocks (2 used out of 8 available):
#4  Signal "CLK"
       Clock   loads: 11    out of    11 routed (100.00%)
#7  Signal "display_inst.clk"
       Clock   loads: 15    out of    15 routed (100.00%)
Other clocks:
    Signal "NES_inst.NESclk"
       Clock   loads: 0     out of     5 routed (  0.00%)
       Data    loads: 0     out of     2 routed (  0.00%)
    Signal "pll_in_clock_c"
       Clock   loads: 0     out of     1 routed (  0.00%)
    Signal "display_inst.pll_init.lscc_pll_inst.feedback_w"
       Clock   loads: 1     out of     1 routed (100.00%)
---------------------------------------------------------
--------------------------------------------------------------------------------
Completed routing resource preassignment
WARNING - No master clock for
	generated clock	create_generated_clock -name {display_inst/clk} -source [get_pins {display_inst/pll_init/lscc_pll_inst/u_PLL_B/REFERENCECLK}] -multiply_by 67 -divide_by 32 [get_pins {display_inst/pll_init/lscc_pll_inst/u_PLL_B/OUTGLOBAL }] .
WARNING - No master clock for
	generated clock	create_generated_clock -name {pll_outcore_o_c} -source [get_pins {display_inst/pll_init/lscc_pll_inst/u_PLL_B/REFERENCECLK}] -multiply_by 67 -divide_by 32 [get_pins {display_inst/pll_init/lscc_pll_inst/u_PLL_B/OUTCORE }] .
    TimerIf::skewscore 0

Start NBR section for initial routing at 21:16:04 12/05/22
Level 4, iteration 1
66(0.03%) conflicts; 1229(86.55%) untouched conns; 0 (nbr) score; 
Estimated worst slack/total negative slack<setup>: 10.335ns/0.000ns; real time: 3 secs 
Level 4, iteration 2
5(0.00%) conflicts; 0(0.00%) untouched conn; 0 (nbr) score; 
Estimated worst slack/total negative slack<setup>: 10.335ns/0.000ns; real time: 4 secs 

Info: Initial congestion level at 75.00% usage is 0
Info: Initial congestion area  at 75.00% usage is 0 (0.00%)

Start NBR section for normal routing at 21:16:07 12/05/22
Level 4, iteration 1
4(0.00%) conflicts; 0(0.00%) untouched conn; 0 (nbr) score; 
Estimated worst slack/total negative slack<setup>: 10.335ns/0.000ns; real time: 4 secs 
Level 4, iteration 2
4(0.00%) conflicts; 0(0.00%) untouched conn; 0 (nbr) score; 
Estimated worst slack/total negative slack<setup>: 10.335ns/0.000ns; real time: 4 secs 
Level 4, iteration 3
2(0.00%) conflicts; 0(0.00%) untouched conn; 0 (nbr) score; 
Estimated worst slack/total negative slack<setup>: 10.335ns/0.000ns; real time: 4 secs 
Level 4, iteration 4
1(0.00%) conflict; 0(0.00%) untouched conn; 0 (nbr) score; 
Estimated worst slack/total negative slack<setup>: 10.335ns/0.000ns; real time: 4 secs 
Level 4, iteration 5
0(0.00%) conflict; 0(0.00%) untouched conn; 0 (nbr) score; 
Estimated worst slack/total negative slack<setup>: 10.335ns/0.000ns; real time: 4 secs 

Start NBR section for setup/hold timing optimization with effort level 3 at 21:16:07 12/05/22
Changing speed to M

Starting full timing analysis...
Changing speed to 6

Start NBR section for post-routing at 21:16:09 12/05/22

End NBR router with 0 unrouted connection
WARNING - No master clock for
	generated clock	create_generated_clock -name {display_inst/clk} -source [get_pins {display_inst/pll_init/lscc_pll_inst/u_PLL_B/REFERENCECLK}] -multiply_by 67 -divide_by 32 [get_pins {display_inst/pll_init/lscc_pll_inst/u_PLL_B/OUTGLOBAL }] .
WARNING - No master clock for
	generated clock	create_generated_clock -name {pll_outcore_o_c} -source [get_pins {display_inst/pll_init/lscc_pll_inst/u_PLL_B/REFERENCECLK}] -multiply_by 67 -divide_by 32 [get_pins {display_inst/pll_init/lscc_pll_inst/u_PLL_B/OUTCORE }] .
Changing speed to M

Starting full timing analysis...
Changing speed to 6

NBR Summary
-----------
  Number of unrouted connections : 0 (0.00%)
  Estimated worst slack<setup> : 9.649ns
  Estimated worst slack<hold > : 1.882ns
  Timing score<setup> : 0
  Timing score<hold > : 0
  Number of connections with timing violations<setup> : 0 (0.00%)
  Number of connections with timing violations<hold > : 0 (0.00%)
-----------


Total CPU time 6 secs 
Total REAL time: 7 secs 
Completely routed.
End of route.  1420 routed (100.00%); 0 unrouted.

Writing design to file es4finalproj_impl_1_par.dir/5_1.udb ...


PAR_SUMMARY::Run status = Completed
PAR_SUMMARY::Number of unrouted conns = 0
PAR_SUMMARY::Worst  slack<setup/<ns>> = 9.649
PAR_SUMMARY::Timing score<setup/<ns>> = 0.000
PAR_SUMMARY::Worst  slack<hold /<ns>> = 1.882
PAR_SUMMARY::Timing score<hold /<ns>> = 0.000
PAR_SUMMARY::Number of errors = 0

Total CPU  Time: 29 secs 
Total REAL Time: 32 secs 
Peak Memory Usage: 124.99 MB


par done!

Note: user must run 'timing' for timing closure signoff.

Copyright (c) 1991-1994 by NeoCAD Inc. All rights reserved.
Copyright (c) 1995 AT&T Corp.   All rights reserved.
Copyright (c) 1995-2001 Lucent Technologies Inc.  All rights reserved.
Copyright (c) 2001 Agere Systems   All rights reserved.
Copyright (c) 2002-2022 Lattice Semiconductor Corporation,  All rights reserved.

timing -sethld -v 10 -u 10 -endpoints 10 -nperend 1 -sp High-Performance_1.2V -hsp m  -pwrprd -html -rpt "es4finalproj_impl_1.twr" "es4finalproj_impl_1.udb" 
timing -sethld -v 10 -u 10 -endpoints 10 -nperend 1 -sp High-Performance_1.2V -hsp m -pwrprd -html -rpt es4finalproj_impl_1.twr es4finalproj_impl_1.udb -gui
Starting design reading...
Loading device for application GENERIC from file 'itpa08.nph' in environment: C:/lscc/radiant/3.2/ispfpga.
Package Status:                     Preliminary    Version 1.5.
Performance Hardware Data Status:   Advanced       Version 1.0.
Loading udb::Database ...
Design:  top
Family:  iCE40UP
Device:  iCE40UP5K
Package: SG48
Performance Grade:   High-Performance_1.2V



Successfully loading udb, 0.22 seconds

Initializing timer
Starting design annotation....
WARNING - No master clock for
	generated clock	create_generated_clock -name {display_inst/clk} -source [get_pins {display_inst/pll_init/lscc_pll_inst/u_PLL_B/REFERENCECLK}] -multiply_by 67 -divide_by 32 [get_pins {display_inst/pll_init/lscc_pll_inst/u_PLL_B/OUTGLOBAL }] .
WARNING - No master clock for
	generated clock	create_generated_clock -name {pll_outcore_o_c} -source [get_pins {display_inst/pll_init/lscc_pll_inst/u_PLL_B/REFERENCECLK}] -multiply_by 67 -divide_by 32 [get_pins {display_inst/pll_init/lscc_pll_inst/u_PLL_B/OUTCORE }] .
High-Performance_1.2V

Starting full timing analysis...
Performance Hardware Data Status:   Advanced       Version 1.0.
Connections ignored  92  counted  1214  covered  76
Changing speed to m

Starting full timing analysis...

STA Runtime and Peak Memory Usage :
Total CPU Time: 3 secs 
Total REAL Time: 5 secs 
Peak Memory Usage: 97 MB

 4.297485s wall, 3.171875s user + 0.531250s system = 3.703125s CPU (86.2%)


tmcheck -par "es4finalproj_impl_1.par" 

bitgen -w "es4finalproj_impl_1.udb" -f "es4finalproj_impl_1.t2b" 
Loading es4finalproj_impl_1.udb ...
Loading device for application GENERIC from file 'itpa08.nph' in environment: C:/lscc/radiant/3.2/ispfpga.
Package Status:                     Preliminary    Version 1.5.
Performance Hardware Data Status:   Advanced       Version 1.0.



Design:  top
Family:  iCE40UP
Device:  iCE40UP5K
Package: SG48
Performance Grade:   High-Performance_1.2V
Successfully loading design udb and device data from disks and to up-layer in CPU time: 1 secs , REAL time: 0 secs 



BITGEN: Bitstream Generator Radiant Software (64-bit) 3.2.1.217.3
Copyright (c) 1991-1994 by NeoCAD Inc. All rights reserved.
Copyright (c) 1995 AT&T Corp.   All rights reserved.
Copyright (c) 1995-2001 Lucent Technologies Inc.  All rights reserved.
Copyright (c) 2001 Agere Systems   All rights reserved.
Copyright (c) 2002-2022 Lattice Semiconductor Corporation,  All rights reserved.


Running DRC.
DRC detected 0 errors and 0 warnings.

Preference Summary:
+---------------------------------+---------------------------------+
|  Preference                     |  Current Setting                |
+---------------------------------+---------------------------------+
 *  Default setting.
 ** The specified setting matches the default setting.


Creating bit map...
Saving bit stream in "C:\Users\gsess\OneDrive\Documents\es4_final_proj\ES4_Snake\impl_1\es4finalproj_impl_1.bin".
Bitstream generation complete!

Total CPU Time: 2 secs 
Total REAL Time: 2 secs 
Peak Memory Usage: 115 MB


ibisgen "es4finalproj_impl_1.udb" "C:/lscc/radiant/3.2/cae_library/ibis/iCE40UP.ibs"
IBIS Models Generator: Lattice Radiant Software (64-bit) 3.2.1.217.3

Mon Dec  5 21:16:20 2022

Loading es4finalproj_impl_1.udb ...
Loading device for application GENERIC from file 'itpa08.nph' in environment: C:/lscc/radiant/3.2/ispfpga.
Package Status:                     Preliminary    Version 1.5.
Performance Hardware Data Status:   Advanced       Version 1.0.



Design:  top
Family:  iCE40UP
Device:  iCE40UP5K
Package: SG48
Performance Grade:   High-Performance_1.2V
Successfully loading design udb and device data from disks and to up-layer in CPU time: 1 secs , REAL time: 0 secs 

Created design models.


Generating: C:\Users\gsess\OneDrive\Documents\es4_final_proj\ES4_Snake\impl_1\IBIS\es4finalproj_impl_1.ibs


INFO - Design IBIS models are generated for board level analysis.


backanno "es4finalproj_impl_1.udb"  -o "es4finalproj_impl_1_vo.vo"      -sp "High-Performance_1.2V"  -w -neg
backanno: version Radiant Software (64-bit) 3.2.1.217.3
Copyright (c) 1991-1994 by NeoCAD Inc. All rights reserved.
Copyright (c) 1995 AT&T Corp.   All rights reserved.
Copyright (c) 1995-2001 Lucent Technologies Inc.  All rights reserved.
Copyright (c) 2001 Agere Systems   All rights reserved.
Copyright (c) 2002-2022 Lattice Semiconductor Corporation,  All rights reserved.

Loading device for application GENERIC from file 'itpa08.nph' in environment: C:/lscc/radiant/3.2/ispfpga.
Package Status:                     Preliminary    Version 1.5.
Loading udb::Database ...
Design:  top
Family:  iCE40UP
Device:  iCE40UP5K
Package: SG48
Performance Grade:   High-Performance_1.2V
Performance Hardware Data Status:   Advanced       Version 1.0.



Writing a verilog netlist based on the es4finalproj_impl_1 design file.

Writing Verilog netlist to file es4finalproj_impl_1_vo.vo
Writing SDF timing to file es4finalproj_impl_1_vo.sdf
Backanno finished with 0 posted error messages.
Total CPU Time: 3 secs 
Total REAL Time: 4 secs 
Peak Memory Usage: 95 MB
