ERROR - "c:/users/ehsu05/downloads/es4_final_proj-main/es4_snake/source/impl_1/randompos.vhd(25):actual  of formal seed1 must be a seed1. VHDL-1319ERROR - "c:/users/ehsu05/downloads/es4_final_proj-main/es4_snake/source/impl_1/topmodule.vhd(57):syntax error near . VHDL-1261ERROR - c:/users/gsess/onedrive/documents/es4_final_proj/es4_snake/source/impl_1/display.vhd(18): syntax error near ). VHDL-1261
ERROR - c:/users/gsess/onedrive/documents/es4_final_proj/es4_snake/source/impl_1/snakepos.vhd(13): dirtype is not declared. VHDL-1241
ERROR - c:/users/gsess/onedrive/documents/es4_final_proj/es4_snake/source/impl_1/snakepos.vhd(8): syntax error near TYPE. VHDL-1261
ERROR - c:/users/gsess/onedrive/documents/es4_final_proj/es4_snake/source/impl_1/snakepos.vhd(35): syntax error near 0. VHDL-1261
ERROR - c:/users/gsess/onedrive/documents/es4_final_proj/es4_snake/source/impl_1/snakepos.vhd(35): syntax error near 0. VHDL-1261
ERROR - c:/users/gsess/onedrive/documents/es4_final_proj/es4_snake/source/impl_1/board.vhd(43): syntax error near ,. VHDL-1261
ERROR - c:/users/gsess/onedrive/documents/es4_final_proj/es4_snake/source/impl_1/board.vhd(43): syntax error near ,. VHDL-1261
ERROR - Design doesn't fit into device specified, refer to the Map report for more details.
ERROR - c:/users/gsess/onedrive/documents/es4_final_proj/es4_snake/source/impl_1/snakepos.vhd(27): syntax error near ). VHDL-1261
ERROR - c:/users/gsess/onedrive/documents/es4_final_proj/es4_snake/source/impl_1/snakepos.vhd(64): type error near pos_dir_left  expected type integer. VHDL-1272
ERROR - c:/users/gsess/onedrive/documents/es4_final_proj/es4_snake/source/impl_1/snakepos.vhd(64): 0 definitions of operator &quot;&lt;=&quot; match here. VHDL-1052
ERROR - c:/users/gsess/onedrive/documents/es4_final_proj/es4_snake/source/impl_1/snakepos.vhd(63): type error near left  expected type std_ulogic_vector. VHDL-1272
ERROR - c:/users/gsess/onedrive/documents/es4_final_proj/es4_snake/source/impl_1/snakepos.vhd(63): type error near left  expected type std_ulogic_vector. VHDL-1272
ERROR - Design doesn't fit into device specified, refer to the Map report for more details.
ERROR - c:/users/gsess/onedrive/documents/es4_final_proj/es4_snake/source/impl_1/snakepos.vhd(76): 0 definitions of operator &quot;&lt;=&quot; match here. VHDL-1052
ERROR - Design doesn't fit into device specified, refer to the Map report for more details.
ERROR - c:/users/gsess/onedrive/documents/es4_final_proj/es4_snake/source/impl_1/snakepos.vhd(87): use := to assign to variable snake_coord. VHDL-1289
ERROR - c:/users/gsess/onedrive/documents/es4_final_proj/es4_snake/source/impl_1/snakepos.vhd(88): type error near snake_coord  expected type natural. VHDL-1272
ERROR - c:/users/gsess/onedrive/documents/es4_final_proj/es4_snake/source/impl_1/snakepos.vhd(90): use <= to assign to signal snake_coord. VHDL-1288
ERROR - c:/users/gsess/onedrive/documents/es4_final_proj/es4_snake/source/impl_1/snakepos.vhd(91): type error near snake_coord  expected type natural. VHDL-1272
ERROR - c:/users/gsess/onedrive/documents/es4_final_proj/es4_snake/source/impl_1/snakepos.vhd(93): type error near discrete range  type unsigned is not a discrete type. VHDL-1271
ERROR - Design doesn't fit into device specified, refer to the Map report for more details.
ERROR - c:/users/gsess/onedrive/documents/es4_final_proj/es4_snake/source/impl_1/snakepos.vhd(27): syntax error near snake_dead. VHDL-1261
ERROR - c:/users/gsess/onedrive/documents/es4_final_proj/es4_snake/source/impl_1/board.vhd(16): syntax error near ). VHDL-1261
ERROR - Design doesn't fit into device specified, refer to the Map report for more details.
