     Lattice Mapping Report File for Design Module 'es4finalproj_impl_1'

Target Vendor:        LATTICE
Target Device:        iCE40UP5KSG48
Target Performance:   High-Performance_1.2V

Mapper:    version Radiant Software (64-bit) 3.2.1.217.3
Mapped on: Thu Dec  8 01:25:36 2022

Design Information
------------------

Command line:   map -i es4finalproj_impl_1_syn.udb -pdc
     C:/Users/gsess/OneDrive/Documents/es4_final_proj/ES4_Snake/ports.pdc -o
     es4finalproj_impl_1_map.udb -mp es4finalproj_impl_1.mrp -hierrpt -gui

Design Summary
--------------

   Number of slice registers: 211 out of  5280 (4%)
   Number of I/O registers:      1 out of   117 (1%)
   Number of LUT4s:           856 out of  5280 (16%)
      Number of logic LUT4s:             634
      Number of inserted feedthru LUT4s:  28
      Number of ripple logic:             97 (194 LUT4s)
   Number of IO sites used:   16 out of 39 (41%)
      Number of IO sites used for general PIO: 16
      Number of IO sites used for I3C: 0 out of 2 (0%)
      (note: If I3C is not used, its site can be used as general PIO)
      Number of IO sites used for PIO+I3C: 16 out of 36 (44%)
      Number of IO sites used for OD+RGB IO buffers: 0 out of 3 (0%)
      (note: If RGB LED drivers are not used, sites can be used as OD outputs,
       see TN1288 iCE40 LED Driver Usage Guide)
      Number of IO sites used for PIO+I3C+OD+RGB: 16 out of 39 (41%)
   Number of DSPs:             0 out of 8 (0%)
   Number of I2Cs:             0 out of 2 (0%)
   Number of High Speed OSCs:  1 out of 1 (100%)
   Number of Low Speed OSCs:   0 out of 1 (0%)
   Number of RGB PWM:          0 out of 1 (0%)
   Number of RGB Drivers:      0 out of 1 (0%)
   Number of SCL FILTERs:      0 out of 2 (0%)
   Number of SRAMs:            0 out of 4 (0%)
   Number of WARMBOOTs:        0 out of 1 (0%)
   Number of SPIs:             0 out of 2 (0%)
   Number of EBRs:             0 out of 30 (0%)
   Number of PLLs:             1 out of 1 (100%)
   Number of Clocks:  5
      Net CLK: 151 loads, 151 rising, 0 falling (Driver: Pin HSOSC_inst/CLKHF)
      Net board_inst.snakePos_inst.snakeCLK: 10 loads, 10 rising, 0 falling
     (Driver: Pin board_inst.snakePos_inst.counter_1465_1590__i23/Q)
      Net NES_inst.NESclk: 8 loads, 8 rising, 0 falling (Driver: Pin
     NES_inst.count_1464_1542__i8/Q)
      Net display_inst.clk: 15 loads, 15 rising, 0 falling (Driver: Pin
     display_inst.pll_init.lscc_pll_inst.u_PLL_B/OUTGLOBAL)
      Net pll_in_clock_c: 1 loads, 1 rising, 0 falling (Driver: Port
     pll_in_clock)
   Number of Clock Enables:  10
      Net board_inst.n6103: 7 loads, 7 SLICEs
      Net board_inst.game_State_1__N_56[1]: 1 loads, 1 SLICEs
      Net board_inst.snakePos_inst.n6116: 6 loads, 6 SLICEs
      Net board_inst.snakePos_inst.snake_dir_1__N_459: 2 loads, 2 SLICEs
      Net VCC_net: 1 loads, 0 SLICEs

                                    Page 1





Design Summary (cont)
---------------------
      Net board_inst.snakePos_inst.n14814: 1 loads, 1 SLICEs
      Net board_inst.snakePos_inst.n14804: 1 loads, 1 SLICEs
      Net board_inst.snakePos_inst.n14902: 1 loads, 1 SLICEs
      Net NES_inst.output_7__N_34: 8 loads, 7 SLICEs
      Net display_inst.n6136: 6 loads, 6 SLICEs
   Number of LSRs:  108
      Net board_inst.n6332: 7 loads, 7 SLICEs
      Net board_inst.n1: 1 loads, 1 SLICEs
      Net board_inst.snakePos_inst.n13: 1 loads, 1 SLICEs
      Net board_inst.snakePos_inst.n13_adj_690: 1 loads, 1 SLICEs
      Net board_inst.snakePos_inst.n13_adj_692: 1 loads, 1 SLICEs
      Net board_inst.snakePos_inst.n13_adj_695: 1 loads, 1 SLICEs
      Net board_inst.snakePos_inst.n13_adj_700: 1 loads, 1 SLICEs
      Net board_inst.snakePos_inst.n13_adj_699: 1 loads, 1 SLICEs
      Net board_inst.snakePos_inst.n13_adj_701: 1 loads, 1 SLICEs
      Net board_inst.snakePos_inst.n13_adj_705: 1 loads, 1 SLICEs
      Net board_inst.snakePos_inst.n13_adj_704: 1 loads, 1 SLICEs
      Net board_inst.snakePos_inst.n13_adj_706: 1 loads, 1 SLICEs
      Net board_inst.snakePos_inst.n13_adj_707: 1 loads, 1 SLICEs
      Net board_inst.snakePos_inst.n13_adj_708: 1 loads, 1 SLICEs
      Net board_inst.snakePos_inst.n13_adj_709: 1 loads, 1 SLICEs
      Net board_inst.snakePos_inst.n13_adj_710: 1 loads, 1 SLICEs
      Net board_inst.snakePos_inst.n13_adj_711: 1 loads, 1 SLICEs
      Net board_inst.snakePos_inst.n13_adj_712: 1 loads, 1 SLICEs
      Net board_inst.snakePos_inst.n13_adj_714: 1 loads, 1 SLICEs
      Net board_inst.snakePos_inst.n13_adj_715: 1 loads, 1 SLICEs
      Net board_inst.snakePos_inst.n13_adj_716: 1 loads, 1 SLICEs
      Net board_inst.snakePos_inst.n13_adj_717: 1 loads, 1 SLICEs
      Net board_inst.snakePos_inst.n13_adj_718: 1 loads, 1 SLICEs
      Net board_inst.snakePos_inst.n13_adj_719: 1 loads, 1 SLICEs
      Net board_inst.snakePos_inst.n13_adj_722: 1 loads, 1 SLICEs
      Net board_inst.snakePos_inst.n13_adj_721: 1 loads, 1 SLICEs
      Net board_inst.snakePos_inst.n13_adj_723: 1 loads, 1 SLICEs
      Net board_inst.snakePos_inst.n13_adj_724: 1 loads, 1 SLICEs
      Net board_inst.snakePos_inst.n13_adj_725: 1 loads, 1 SLICEs
      Net board_inst.snakePos_inst.n13_adj_726: 1 loads, 1 SLICEs
      Net board_inst.snakePos_inst.n13_adj_727: 1 loads, 1 SLICEs
      Net board_inst.snakePos_inst.n13_adj_728: 1 loads, 1 SLICEs
      Net board_inst.snakePos_inst.n13_adj_729: 1 loads, 1 SLICEs
      Net board_inst.snakePos_inst.n13_adj_730: 1 loads, 1 SLICEs
      Net board_inst.snakePos_inst.n13_adj_731: 1 loads, 1 SLICEs
      Net board_inst.snakePos_inst.n13_adj_732: 1 loads, 1 SLICEs
      Net board_inst.snakePos_inst.n13_adj_733: 1 loads, 1 SLICEs
      Net board_inst.snakePos_inst.n13_adj_734: 1 loads, 1 SLICEs
      Net board_inst.snakePos_inst.n13_adj_735: 1 loads, 1 SLICEs
      Net board_inst.snakePos_inst.n13_adj_736: 1 loads, 1 SLICEs
      Net board_inst.snakePos_inst.n13_adj_737: 1 loads, 1 SLICEs
      Net board_inst.snakePos_inst.n13_adj_738: 1 loads, 1 SLICEs
      Net board_inst.snakePos_inst.n13_adj_739: 1 loads, 1 SLICEs
      Net board_inst.snakePos_inst.n13_adj_740: 1 loads, 1 SLICEs
      Net board_inst.snakePos_inst.n13_adj_743: 1 loads, 1 SLICEs
      Net board_inst.snakePos_inst.n13_adj_745: 1 loads, 1 SLICEs
      Net board_inst.snakePos_inst.n13_adj_747: 1 loads, 1 SLICEs
      Net board_inst.snakePos_inst.n13_adj_746: 1 loads, 1 SLICEs
      Net board_inst.snakePos_inst.n13_adj_748: 1 loads, 1 SLICEs
      Net board_inst.snakePos_inst.n13_adj_749: 1 loads, 1 SLICEs
      Net board_inst.snakePos_inst.n13_adj_750: 1 loads, 1 SLICEs

                                    Page 2





Design Summary (cont)
---------------------
      Net board_inst.snakePos_inst.n13_adj_751: 1 loads, 1 SLICEs
      Net board_inst.snakePos_inst.n13_adj_752: 1 loads, 1 SLICEs
      Net board_inst.snakePos_inst.n13_adj_753: 1 loads, 1 SLICEs
      Net board_inst.snakePos_inst.n13_adj_754: 1 loads, 1 SLICEs
      Net board_inst.snakePos_inst.n13_adj_755: 1 loads, 1 SLICEs
      Net board_inst.snakePos_inst.n13_adj_756: 1 loads, 1 SLICEs
      Net board_inst.snakePos_inst.n13_adj_757: 1 loads, 1 SLICEs
      Net board_inst.snakePos_inst.n13_adj_761: 1 loads, 1 SLICEs
      Net board_inst.snakePos_inst.n13_adj_762: 1 loads, 1 SLICEs
      Net board_inst.snakePos_inst.n13_adj_763: 1 loads, 1 SLICEs
      Net board_inst.snakePos_inst.n13_adj_764: 1 loads, 1 SLICEs
      Net board_inst.snakePos_inst.n13_adj_765: 1 loads, 1 SLICEs
      Net board_inst.snakePos_inst.n13_adj_766: 1 loads, 1 SLICEs
      Net board_inst.snakePos_inst.n14806: 1 loads, 1 SLICEs
      Net board_inst.snakePos_inst.n13_adj_767: 1 loads, 1 SLICEs
      Net board_inst.snakePos_inst.n13_adj_768: 1 loads, 1 SLICEs
      Net board_inst.snakePos_inst.n13_adj_769: 1 loads, 1 SLICEs
      Net board_inst.snakePos_inst.n13_adj_770: 1 loads, 1 SLICEs
      Net board_inst.snakePos_inst.n13_adj_771: 1 loads, 1 SLICEs
      Net board_inst.snakePos_inst.n13_adj_772: 1 loads, 1 SLICEs
      Net board_inst.snakePos_inst.n13_adj_773: 1 loads, 1 SLICEs
      Net board_inst.snakePos_inst.n13_adj_774: 1 loads, 1 SLICEs
      Net board_inst.snakePos_inst.n13_adj_775: 1 loads, 1 SLICEs
      Net board_inst.snakePos_inst.n13_adj_776: 1 loads, 1 SLICEs
      Net board_inst.snakePos_inst.n13_adj_777: 1 loads, 1 SLICEs
      Net board_inst.snakePos_inst.n13_adj_778: 1 loads, 1 SLICEs
      Net board_inst.snakePos_inst.n13_adj_779: 1 loads, 1 SLICEs
      Net board_inst.snakePos_inst.n13_adj_780: 1 loads, 1 SLICEs
      Net board_inst.snakePos_inst.n13_adj_781: 1 loads, 1 SLICEs
      Net board_inst.snakePos_inst.n13_adj_782: 1 loads, 1 SLICEs
      Net board_inst.snakePos_inst.n13_adj_786: 1 loads, 1 SLICEs
      Net board_inst.snakePos_inst.n13_adj_783: 1 loads, 1 SLICEs
      Net board_inst.snakePos_inst.n13_adj_787: 1 loads, 1 SLICEs
      Net board_inst.snakePos_inst.n13_adj_789: 1 loads, 1 SLICEs
      Net board_inst.snakePos_inst.n13_adj_791: 1 loads, 1 SLICEs
      Net board_inst.snakePos_inst.n13_adj_792: 1 loads, 1 SLICEs
      Net board_inst.snakePos_inst.n13_adj_793: 1 loads, 1 SLICEs
      Net board_inst.snakePos_inst.n13_adj_794: 1 loads, 1 SLICEs
      Net board_inst.snakePos_inst.n13_adj_795: 1 loads, 1 SLICEs
      Net board_inst.snakePos_inst.n13_adj_796: 1 loads, 1 SLICEs
      Net board_inst.snakePos_inst.n13_adj_797: 1 loads, 1 SLICEs
      Net board_inst.snakePos_inst.n13_adj_804: 1 loads, 1 SLICEs
      Net board_inst.snakePos_inst.n13_adj_807: 1 loads, 1 SLICEs
      Net board_inst.snakePos_inst.n13_adj_808: 1 loads, 1 SLICEs
      Net board_inst.snakePos_inst.n13_adj_691: 1 loads, 1 SLICEs
      Net board_inst.snakePos_inst.n13_adj_816: 1 loads, 1 SLICEs
      Net board_inst.snakePos_inst.n13_adj_815: 1 loads, 1 SLICEs
      Net board_inst.snakePos_inst.n13_adj_817: 1 loads, 1 SLICEs
      Net board_inst.snakePos_inst.n13_adj_818: 1 loads, 1 SLICEs
      Net board_inst.snakePos_inst.n13_adj_819: 1 loads, 1 SLICEs
      Net board_inst.snakePos_inst.n13_adj_820: 1 loads, 1 SLICEs
      Net board_inst.snakePos_inst.n13_adj_821: 1 loads, 1 SLICEs
      Net n6125: 1 loads, 1 SLICEs
      Net display_inst.vga_init.VSYNC_N_525: 1 loads, 1 SLICEs
      Net display_inst.n6136: 6 loads, 6 SLICEs
      Net display_inst.vga_init.n6447: 6 loads, 6 SLICEs
      Net display_inst.vga_init.HSYNC_N_522: 1 loads, 1 SLICEs

                                    Page 3





Design Summary (cont)
---------------------
   Top 10 highest fanout non-clock nets:
      Net board_inst.snake_head[1]: 68 loads
      Net board_inst.snake_head[2]: 68 loads
      Net board_inst.snake_head[0]: 67 loads
      Net board_inst.snakePos_inst.snake_tail_6__N_382[0]: 65 loads
      Net board_inst.snakePos_inst.snake_tail_6__N_382[1]: 65 loads
      Net board_inst.snakePos_inst.snake_tail_6__N_382[2]: 65 loads
      Net VCC_net: 64 loads
      Net board_inst.snake_head[3]: 52 loads
      Net board_inst.snake_head[4]: 52 loads
      Net board_inst.snakePos_inst.snake_tail_6__N_382[3]: 49 loads




   Number of warnings:  4
   Number of errors:    0

Design Errors/Warnings
----------------------

WARNING - map:
     C:/Users/gsess/OneDrive/Documents/es4_final_proj/ES4_Snake/ports.pdc (10) :
     No port matched 'delete_me'.
WARNING - map: No port matched 'delete_me'.
WARNING - map: Can't resolve object 'delete_me' in constraint 'ldc_set_location
     -site {37} [get_ports delete_me]'.
WARNING - map: Remove invalid constraint 'ldc_set_location -site {37} [get_ports
     delete_me]'.

IO (PIO) Attributes
-------------------

+---------------------+-----------+-----------+-------+-------+-----------+
| IO Name             | Direction | Levelmode |  IO   |  IO   | Special   |
|                     |           |  IO_TYPE  |  REG  |  DDR  | IO Buffer |
+---------------------+-----------+-----------+-------+-------+-----------+
| pll_in_clock        | INPUT     |           |       |       |           |
+---------------------+-----------+-----------+-------+-------+-----------+
| data                | INPUT     |           | I     |       |           |
+---------------------+-----------+-----------+-------+-------+-----------+
| rgb[0]              | OUTPUT    |           |       |       |           |
+---------------------+-----------+-----------+-------+-------+-----------+
| rgb[1]              | OUTPUT    |           |       |       |           |
+---------------------+-----------+-----------+-------+-------+-----------+
| rgb[2]              | OUTPUT    |           |       |       |           |
+---------------------+-----------+-----------+-------+-------+-----------+
| rgb[3]              | OUTPUT    |           |       |       |           |
+---------------------+-----------+-----------+-------+-------+-----------+
| rgb[4]              | OUTPUT    |           |       |       |           |
+---------------------+-----------+-----------+-------+-------+-----------+
| rgb[5]              | OUTPUT    |           |       |       |           |
+---------------------+-----------+-----------+-------+-------+-----------+
| delete_me[0]        | OUTPUT    |           |       |       |           |
+---------------------+-----------+-----------+-------+-------+-----------+
| delete_me[1]        | OUTPUT    |           |       |       |           |
+---------------------+-----------+-----------+-------+-------+-----------+

                                    Page 4





IO (PIO) Attributes (cont)
--------------------------
| delete_me[2]        | OUTPUT    |           |       |       |           |
+---------------------+-----------+-----------+-------+-------+-----------+
| VSYNC               | OUTPUT    |           |       |       |           |
+---------------------+-----------+-----------+-------+-------+-----------+
| HSYNC               | OUTPUT    |           |       |       |           |
+---------------------+-----------+-----------+-------+-------+-----------+
| pll_outcore_o       | OUTPUT    |           |       |       |           |
+---------------------+-----------+-----------+-------+-------+-----------+
| continCLK           | OUTPUT    |           |       |       |           |
+---------------------+-----------+-----------+-------+-------+-----------+
| latch               | OUTPUT    |           |       |       |           |
+---------------------+-----------+-----------+-------+-------+-----------+

Removed logic
-------------

Block i1 was optimized away.

PLL/DLL Summary
---------------

PLL 1:                                 Pin/Node Value
  PLL Instance Name:
       display_inst/pll_init/lscc_pll_inst/u_PLL_B
  Input Reference Clock:               PIN      pll_in_clock_c
  Output Clock(CoreA):                 PIN      pll_outcore_o_c
  Output Clock(GlobalA):               NODE     display_inst.clk
  Output Clock(CoreB):                          NONE
  Output Clock(GlobalB):                        NONE
  Feedback input:                      NODE
       display_inst.pll_init.lscc_pll_inst.feedback_w
  Internal Feedback output:            NODE
       display_inst.pll_init.lscc_pll_inst.feedback_w
  BYPASS signal:                                GND
  LATCH signal:                                 GND
  Lock Signal:                                  NONE
  Input Clock Frequency (MHz):                  NA
  Reference Divider:                            0
  Feedback Divider:                             66
  VCO Divider:                                  5
  ENABLE_ICEGATE_PORTA:                         0
  ENABLE_ICEGATE_PORTB:                         0
  PLLOUT_SELECT_PORTA:                          GENCLK
  PLLOUT_SELECT_PORTB:                          GENCLK
  SHIFTREG_DIV_MODE:                            0
  DELAY_ADJUSTMENT_MODE_RELATIVE:               FIXED
  FDA_RELATIVE:                                 0
  FEEDBACK_PATH:                                SIMPLE
  DELAY_ADJUSTMENT_MODE_FEEDBACK:               FIXED
  FDA_FEEDBACK:                                 0
  FILTER_RANGE:                                 1
  EXTERNAL_DIVIDE_FACTOR:                       NONE
  TEST Mode:                                    0





                                    Page 5





OSC Summary
-----------

OSC 1:                                 Pin/Node Value
  OSC Instance Name:                            HSOSC_inst
  Power UP:                            NODE     VCC_net
  Enable Signal:                       NODE     VCC_net
  OSC Output:                          NODE     CLK
  DIV Setting:                                  00

ASIC Components
---------------

Instance Name: HSOSC_inst
         Type: HFOSC
Instance Name: NES_inst/output_i0_i0
         Type: IOLOGIC
Instance Name: display_inst/pll_init/lscc_pll_inst/u_PLL_B
         Type: PLL

Run Time and Memory Usage
-------------------------

   Total CPU Time: 1 secs
   Total REAL Time: 0 secs
   Peak Memory Usage: 71 MB


































                                    Page 6


Copyright (c) 1991-1994 by NeoCAD Inc. All rights reserved.
Copyright (c) 1995
     AT&T Corp.   All rights reserved.
Copyright (c) 1995-2001 Lucent
     Technologies Inc.  All rights reserved.
Copyright (c) 2001 Agere Systems
     All rights reserved.
Copyright (c) 2002-2022 Lattice Semiconductor
     Corporation,  All rights reserved.
