PLL_B/DYNAMICDELAY7 input u_PLL_Bis connected to a constant net
PLL_B/DYNAMICDELAY6 input u_PLL_Bis connected to a constant net
PLL_B/DYNAMICDELAY5 input u_PLL_Bis connected to a constant net
PLL_B/DYNAMICDELAY4 input u_PLL_Bis connected to a constant net
PLL_B/DYNAMICDELAY3 input u_PLL_Bis connected to a constant net
PLL_B/DYNAMICDELAY2 input u_PLL_Bis connected to a constant net
PLL_B/DYNAMICDELAY1 input u_PLL_Bis connected to a constant net
PLL_B/DYNAMICDELAY0 input u_PLL_Bis connected to a constant net
PLL_B/BYPASS input u_PLL_Bis connected to a constant net
PLL_B/RESET_N input u_PLL_Bis connected to a constant net
PLL_B/SCLK input u_PLL_Bis connected to a constant net
PLL_B/SDI input u_PLL_Bis connected to a constant net
PLL_B/LATCH input u_PLL_Bis connected to a constant net
PLL_B/INTFBOUT output  u_PLL_B has no incoming device arc
     *** display_inst/pll_init/lscc_pll_inst/u_PLL_B/FEEDBACK is driven by constant or a pin on an incomplete path
FA2/A0 input x_pos_321_add_4_11is connected to a constant net
FA2/A1 input x_pos_321_add_4_11is connected to a constant net
FA2/B1 input x_pos_321_add_4_11is connected to a constant net
FA2/C1 input x_pos_321_add_4_11is connected to a constant net
FA2/D1 input x_pos_321_add_4_11 has no outgoing device arc
FA2/CI1 input x_pos_321_add_4_11 has no outgoing device arc
     ** display_inst/vga_init/x_pos_321_add_4_11/CO0 is driving a pin on an incomplete path
FA2/B0 input x_pos_321_add_4_11is connected to a constant net
FA2/C0 input x_pos_321_add_4_11 is on an incomplete path
FA2/CI0 input x_pos_321_add_4_11 is on an incomplete path
FA2/A0 input x_pos_321_add_4_9is connected to a constant net
FA2/A1 input x_pos_321_add_4_9is connected to a constant net
FA2/A0 input x_pos_321_add_4_5is connected to a constant net
FA2/A1 input x_pos_321_add_4_5is connected to a constant net
FA2/A0 input x_pos_321_add_4_7is connected to a constant net
FA2/A1 input x_pos_321_add_4_7is connected to a constant net
FA2/A0 input x_pos_321_add_4_3is connected to a constant net
FA2/A1 input x_pos_321_add_4_3is connected to a constant net
FA2/A0 input y_pos_320_add_4_9is connected to a constant net
FA2/A1 input y_pos_320_add_4_9is connected to a constant net
FA2/A0 input x_pos_321_add_4_1is connected to a constant net
FA2/A1 input x_pos_321_add_4_1is connected to a constant net
FA2/A0 input y_pos_320_add_4_11is connected to a constant net
FA2/A1 input y_pos_320_add_4_11is connected to a constant net
FA2/B1 input y_pos_320_add_4_11is connected to a constant net
FA2/C1 input y_pos_320_add_4_11is connected to a constant net
FA2/D1 input y_pos_320_add_4_11 has no outgoing device arc
FA2/CI1 input y_pos_320_add_4_11 has no outgoing device arc
     ** display_inst/vga_init/y_pos_320_add_4_11/CO0 is driving a pin on an incomplete path
FA2/B0 input y_pos_320_add_4_11is connected to a constant net
FA2/C0 input y_pos_320_add_4_11 is on an incomplete path
FA2/CI0 input y_pos_320_add_4_11 is on an incomplete path
FA2/A0 input y_pos_320_add_4_7is connected to a constant net
FA2/A1 input y_pos_320_add_4_7is connected to a constant net
FA2/A0 input y_pos_320_add_4_5is connected to a constant net
FA2/A1 input y_pos_320_add_4_5is connected to a constant net
FA2/A0 input mod_4_add_354_5is connected to a constant net
FA2/A1 input mod_4_add_354_5is connected to a constant net
FA2/A0 input add_697_1is connected to a constant net
FA2/A1 input add_697_1is connected to a constant net
FA2/A0 input add_317_add_5_9is connected to a constant net
FA2/A1 input add_317_add_5_9is connected to a constant net
FA2/B1 input add_317_add_5_9is connected to a constant net
FA2/C1 input add_317_add_5_9is connected to a constant net
FA2/D1 input add_317_add_5_9 has no outgoing device arc
FA2/CI1 input add_317_add_5_9 has no outgoing device arc
     ** display_inst/pattern_gen_initial/add_317_add_5_9/CO0 is driving a pin on an incomplete path
FA2/B0 input add_317_add_5_9is connected to a constant net
FA2/C0 input add_317_add_5_9 is on an incomplete path
FA2/CI0 input add_317_add_5_9 is on an incomplete path
FA2/A0 input add_314_add_5_7is connected to a constant net
FA2/A1 input add_314_add_5_7is connected to a constant net
FA2/A0 input add_317_add_5_7is connected to a constant net
FA2/A1 input add_317_add_5_7is connected to a constant net
FA2/A0 input add_314_add_5_5is connected to a constant net
FA2/A1 input add_314_add_5_5is connected to a constant net
FA2/A0 input count_319_417_add_4_21is connected to a constant net
FA2/A1 input count_319_417_add_4_21is connected to a constant net
FA2/B1 input count_319_417_add_4_21is connected to a constant net
FA2/C1 input count_319_417_add_4_21is connected to a constant net
FA2/D1 input count_319_417_add_4_21 has no outgoing device arc
FA2/CI1 input count_319_417_add_4_21 has no outgoing device arc
     ** NES_inst/count_319_417_add_4_21/CO0 is driving a pin on an incomplete path
FA2/B0 input count_319_417_add_4_21is connected to a constant net
FA2/C0 input count_319_417_add_4_21 is on an incomplete path
FA2/CI0 input count_319_417_add_4_21 is on an incomplete path
FA2/A0 input add_312_add_5_7is connected to a constant net
FA2/A1 input add_312_add_5_7is connected to a constant net
IOL_B/DO1 input output_i0_i0is connected to a constant net
IOL_B/HOLD input output_i0_i0is connected to a constant net
FA2/A0 input count_319_417_add_4_15is connected to a constant net
FA2/A1 input count_319_417_add_4_15is connected to a constant net
FA2/A0 input count_319_417_add_4_17is connected to a constant net
FA2/A1 input count_319_417_add_4_17is connected to a constant net
FA2/A0 input count_319_417_add_4_3is connected to a constant net
FA2/A1 input count_319_417_add_4_3is connected to a constant net
FA2/A0 input count_319_417_add_4_11is connected to a constant net
FA2/A1 input count_319_417_add_4_11is connected to a constant net
FA2/A0 input count_319_417_add_4_9is connected to a constant net
FA2/A1 input count_319_417_add_4_9is connected to a constant net
FA2/A0 input count_319_417_add_4_13is connected to a constant net
FA2/A1 input count_319_417_add_4_13is connected to a constant net
FA2/A0 input count_319_417_add_4_19is connected to a constant net
FA2/A1 input count_319_417_add_4_19is connected to a constant net
FA2/A0 input count_319_417_add_4_7is connected to a constant net
FA2/A1 input count_319_417_add_4_7is connected to a constant net
FA2/A0 input count_319_417_add_4_5is connected to a constant net
FA2/A1 input count_319_417_add_4_5is connected to a constant net
VLO/Z GND  i1
     *** display_inst/pattern_gen_initial/mod_4_add_354_5/C0 is driven by constant or a pin on an incomplete path
     *** display_inst/pattern_gen_initial/add_697_1/B0 is driven by constant or a pin on an incomplete path
     *** display_inst/pattern_gen_initial/add_697_1/C0 is driven by constant or a pin on an incomplete path
     *** display_inst/pattern_gen_initial/add_314_add_5_7/B0 is driven by constant or a pin on an incomplete path
     *** display_inst/pattern_gen_initial/add_314_add_5_7/B1 is driven by constant or a pin on an incomplete path
     *** display_inst/pattern_gen_initial/add_317_add_5_7/B1 is driven by constant or a pin on an incomplete path
     *** display_inst/pattern_gen_initial/add_314_add_5_5/B0 is driven by constant or a pin on an incomplete path
     *** display_inst/pattern_gen_initial/add_314_add_5_5/B1 is driven by constant or a pin on an incomplete path
     *** display_inst/pattern_gen_initial/add_313_add_5_5/A0 is driven by constant or a pin on an incomplete path
     *** display_inst/pattern_gen_initial/add_313_add_5_5/A1 is driven by constant or a pin on an incomplete path
     *** display_inst/pattern_gen_initial/add_317_add_5_5/A0 is driven by constant or a pin on an incomplete path
     *** display_inst/pattern_gen_initial/add_317_add_5_5/B0 is driven by constant or a pin on an incomplete path
     *** display_inst/pattern_gen_initial/add_317_add_5_5/A1 is driven by constant or a pin on an incomplete path
     *** display_inst/pattern_gen_initial/add_317_add_5_5/B1 is driven by constant or a pin on an incomplete path
     *** display_inst/pattern_gen_initial/add_313_add_5_3/A0 is driven by constant or a pin on an incomplete path
     *** display_inst/pattern_gen_initial/add_313_add_5_3/B0 is driven by constant or a pin on an incomplete path
     *** display_inst/pattern_gen_initial/add_313_add_5_3/A1 is driven by constant or a pin on an incomplete path
     *** display_inst/pattern_gen_initial/add_313_add_5_3/B1 is driven by constant or a pin on an incomplete path
     *** display_inst/pattern_gen_initial/mod_4_add_354_3/A0 is driven by constant or a pin on an incomplete path
     *** display_inst/pattern_gen_initial/mod_4_add_354_3/C0 is driven by constant or a pin on an incomplete path
     *** display_inst/pattern_gen_initial/mod_4_add_354_3/A1 is driven by constant or a pin on an incomplete path
     *** display_inst/pattern_gen_initial/add_317_add_5_3/A0 is driven by constant or a pin on an incomplete path
     *** display_inst/pattern_gen_initial/add_317_add_5_3/B0 is driven by constant or a pin on an incomplete path
     *** display_inst/pattern_gen_initial/add_317_add_5_3/A1 is driven by constant or a pin on an incomplete path
     *** display_inst/pattern_gen_initial/add_317_add_5_3/B1 is driven by constant or a pin on an incomplete path
     *** display_inst/pattern_gen_initial/mod_4_add_354_1/A0 is driven by constant or a pin on an incomplete path
     *** display_inst/pattern_gen_initial/mod_4_add_354_1/B0 is driven by constant or a pin on an incomplete path
     *** display_inst/pattern_gen_initial/mod_4_add_354_1/C0 is driven by constant or a pin on an incomplete path
     *** display_inst/pattern_gen_initial/mod_4_add_354_1/A1 is driven by constant or a pin on an incomplete path
     *** display_inst/pattern_gen_initial/add_317_add_5_1/A0 is driven by constant or a pin on an incomplete path
     *** display_inst/pattern_gen_initial/add_317_add_5_1/B0 is driven by constant or a pin on an incomplete path
     *** display_inst/pattern_gen_initial/add_317_add_5_1/C0 is driven by constant or a pin on an incomplete path
     *** display_inst/pattern_gen_initial/add_317_add_5_1/A1 is driven by constant or a pin on an incomplete path
     *** display_inst/pattern_gen_initial/add_312_add_5_9/A0 is driven by constant or a pin on an incomplete path
     *** display_inst/pattern_gen_initial/add_312_add_5_9/B0 is driven by constant or a pin on an incomplete path
     *** display_inst/pattern_gen_initial/add_312_add_5_9/A1 is driven by constant or a pin on an incomplete path
     *** display_inst/pattern_gen_initial/add_312_add_5_9/B1 is driven by constant or a pin on an incomplete path
     *** display_inst/pattern_gen_initial/add_312_add_5_9/C1 is driven by constant or a pin on an incomplete path
     *** display_inst/pattern_gen_initial/add_314_add_5_3/A0 is driven by constant or a pin on an incomplete path
     *** display_inst/pattern_gen_initial/add_314_add_5_3/B0 is driven by constant or a pin on an incomplete path
     *** display_inst/pattern_gen_initial/add_314_add_5_3/A1 is driven by constant or a pin on an incomplete path
     *** display_inst/pattern_gen_initial/mult_107/CLK is driven by constant or a pin on an incomplete path
     *** display_inst/pattern_gen_initial/mult_107/CE is driven by constant or a pin on an incomplete path
     *** display_inst/pattern_gen_initial/mult_107/C15 is driven by constant or a pin on an incomplete path
     *** display_inst/pattern_gen_initial/mult_107/C14 is driven by constant or a pin on an incomplete path
     *** display_inst/pattern_gen_initial/mult_107/C13 is driven by constant or a pin on an incomplete path
     *** display_inst/pattern_gen_initial/mult_107/C12 is driven by constant or a pin on an incomplete path
     *** display_inst/pattern_gen_initial/mult_107/C11 is driven by constant or a pin on an incomplete path
     *** display_inst/pattern_gen_initial/mult_107/C10 is driven by constant or a pin on an incomplete path
     *** display_inst/pattern_gen_initial/mult_107/C9 is driven by constant or a pin on an incomplete path
     *** display_inst/pattern_gen_initial/mult_107/C8 is driven by constant or a pin on an incomplete path
     *** display_inst/pattern_gen_initial/mult_107/C7 is driven by constant or a pin on an incomplete path
     *** display_inst/pattern_gen_initial/mult_107/C6 is driven by constant or a pin on an incomplete path
     *** display_inst/pattern_gen_initial/mult_107/C5 is driven by constant or a pin on an incomplete path
     *** display_inst/pattern_gen_initial/mult_107/C4 is driven by constant or a pin on an incomplete path
     *** display_inst/pattern_gen_initial/mult_107/C3 is driven by constant or a pin on an incomplete path
     *** display_inst/pattern_gen_initial/mult_107/C2 is driven by constant or a pin on an incomplete path
     *** display_inst/pattern_gen_initial/mult_107/C1 is driven by constant or a pin on an incomplete path
     *** display_inst/pattern_gen_initial/mult_107/C0 is driven by constant or a pin on an incomplete path
     *** display_inst/pattern_gen_initial/mult_107/A15 is driven by constant or a pin on an incomplete path
     *** display_inst/pattern_gen_initial/mult_107/A14 is driven by constant or a pin on an incomplete path
     *** display_inst/pattern_gen_initial/mult_107/A13 is driven by constant or a pin on an incomplete path
     *** display_inst/pattern_gen_initial/mult_107/A12 is driven by constant or a pin on an incomplete path
     *** display_inst/pattern_gen_initial/mult_107/A11 is driven by constant or a pin on an incomplete path
     *** display_inst/pattern_gen_initial/mult_107/A10 is driven by constant or a pin on an incomplete path
     *** display_inst/pattern_gen_initial/mult_107/A9 is driven by constant or a pin on an incomplete path
     *** display_inst/pattern_gen_initial/mult_107/A8 is driven by constant or a pin on an incomplete path
     *** display_inst/pattern_gen_initial/mult_107/A7 is driven by constant or a pin on an incomplete path
     *** display_inst/pattern_gen_initial/mult_107/A6 is driven by constant or a pin on an incomplete path
     *** display_inst/pattern_gen_initial/mult_107/A5 is driven by constant or a pin on an incomplete path
     *** display_inst/pattern_gen_initial/mult_107/A4 is driven by constant or a pin on an incomplete path
     *** display_inst/pattern_gen_initial/mult_107/A2 is driven by constant or a pin on an incomplete path
     *** display_inst/pattern_gen_initial/mult_107/B15 is driven by constant or a pin on an incomplete path
     *** display_inst/pattern_gen_initial/mult_107/B14 is driven by constant or a pin on an incomplete path
     *** display_inst/pattern_gen_initial/mult_107/B13 is driven by constant or a pin on an incomplete path
     *** display_inst/pattern_gen_initial/mult_107/B12 is driven by constant or a pin on an incomplete path
     *** display_inst/pattern_gen_initial/mult_107/B11 is driven by constant or a pin on an incomplete path
     *** display_inst/pattern_gen_initial/mult_107/B10 is driven by constant or a pin on an incomplete path
     *** display_inst/pattern_gen_initial/mult_107/B9 is driven by constant or a pin on an incomplete path
     *** display_inst/pattern_gen_initial/mult_107/B8 is driven by constant or a pin on an incomplete path
     *** display_inst/pattern_gen_initial/mult_107/B7 is driven by constant or a pin on an incomplete path
     *** display_inst/pattern_gen_initial/mult_107/B6 is driven by constant or a pin on an incomplete path
     *** display_inst/pattern_gen_initial/mult_107/B5 is driven by constant or a pin on an incomplete path
     *** display_inst/pattern_gen_initial/mult_107/B4 is driven by constant or a pin on an incomplete path
     *** display_inst/pattern_gen_initial/mult_107/B3 is driven by constant or a pin on an incomplete path
     *** display_inst/pattern_gen_initial/mult_107/B1 is driven by constant or a pin on an incomplete path
     *** display_inst/pattern_gen_initial/mult_107/D15 is driven by constant or a pin on an incomplete path
     *** display_inst/pattern_gen_initial/mult_107/D14 is driven by constant or a pin on an incomplete path
     *** display_inst/pattern_gen_initial/mult_107/D13 is driven by constant or a pin on an incomplete path
     *** display_inst/pattern_gen_initial/mult_107/D12 is driven by constant or a pin on an incomplete path
     *** display_inst/pattern_gen_initial/mult_107/D11 is driven by constant or a pin on an incomplete path
     *** display_inst/pattern_gen_initial/mult_107/D10 is driven by constant or a pin on an incomplete path
     *** display_inst/pattern_gen_initial/mult_107/D9 is driven by constant or a pin on an incomplete path
     *** display_inst/pattern_gen_initial/mult_107/D8 is driven by constant or a pin on an incomplete path
     *** display_inst/pattern_gen_initial/mult_107/D7 is driven by constant or a pin on an incomplete path
     *** display_inst/pattern_gen_initial/mult_107/D6 is driven by constant or a pin on an incomplete path
     *** display_inst/pattern_gen_initial/mult_107/D5 is driven by constant or a pin on an incomplete path
     *** display_inst/pattern_gen_initial/mult_107/D4 is driven by constant or a pin on an incomplete path
     *** display_inst/pattern_gen_initial/mult_107/D3 is driven by constant or a pin on an incomplete path
     *** display_inst/pattern_gen_initial/mult_107/D2 is driven by constant or a pin on an incomplete path
     *** display_inst/pattern_gen_initial/mult_107/D1 is driven by constant or a pin on an incomplete path
     *** display_inst/pattern_gen_initial/mult_107/D0 is driven by constant or a pin on an incomplete path
     *** display_inst/pattern_gen_initial/mult_107/AHOLD is driven by constant or a pin on an incomplete path
     *** display_inst/pattern_gen_initial/mult_107/BHOLD is driven by constant or a pin on an incomplete path
     *** display_inst/pattern_gen_initial/mult_107/CHOLD is driven by constant or a pin on an incomplete path
     *** display_inst/pattern_gen_initial/mult_107/DHOLD is driven by constant or a pin on an incomplete path
     *** display_inst/pattern_gen_initial/mult_107/IRSTTOP is driven by constant or a pin on an incomplete path
     *** display_inst/pattern_gen_initial/mult_107/IRSTBOT is driven by constant or a pin on an incomplete path
     *** display_inst/pattern_gen_initial/mult_107/ORSTTOP is driven by constant or a pin on an incomplete path
     *** display_inst/pattern_gen_initial/mult_107/ORSTBOT is driven by constant or a pin on an incomplete path
     *** display_inst/pattern_gen_initial/mult_107/OLOADTOP is driven by constant or a pin on an incomplete path
     *** display_inst/pattern_gen_initial/mult_107/OLOADBOT is driven by constant or a pin on an incomplete path
     *** display_inst/pattern_gen_initial/mult_107/ADDSUBTOP is driven by constant or a pin on an incomplete path
     *** display_inst/pattern_gen_initial/mult_107/ADDSUBBOT is driven by constant or a pin on an incomplete path
     *** display_inst/pattern_gen_initial/mult_107/OHOLDTOP is driven by constant or a pin on an incomplete path
     *** display_inst/pattern_gen_initial/mult_107/OHOLDBOT is driven by constant or a pin on an incomplete path
     *** display_inst/pattern_gen_initial/mult_107/CI is driven by constant or a pin on an incomplete path
     *** display_inst/pattern_gen_initial/mult_107/ACCUMCI is driven by constant or a pin on an incomplete path
     *** display_inst/pattern_gen_initial/mult_107/SIGNEXTIN is driven by constant or a pin on an incomplete path
     *** display_inst/pattern_gen_initial/mult_106/CLK is driven by constant or a pin on an incomplete path
     *** display_inst/pattern_gen_initial/mult_106/CE is driven by constant or a pin on an incomplete path
     *** display_inst/pattern_gen_initial/mult_106/C15 is driven by constant or a pin on an incomplete path
     *** display_inst/pattern_gen_initial/mult_106/C14 is driven by constant or a pin on an incomplete path
     *** display_inst/pattern_gen_initial/mult_106/C13 is driven by constant or a pin on an incomplete path
     *** display_inst/pattern_gen_initial/mult_106/C12 is driven by constant or a pin on an incomplete path
     *** display_inst/pattern_gen_initial/mult_106/C11 is driven by constant or a pin on an incomplete path
     *** display_inst/pattern_gen_initial/mult_106/C10 is driven by constant or a pin on an incomplete path
     *** display_inst/pattern_gen_initial/mult_106/C9 is driven by constant or a pin on an incomplete path
     *** display_inst/pattern_gen_initial/mult_106/C8 is driven by constant or a pin on an incomplete path
     *** display_inst/pattern_gen_initial/mult_106/C7 is driven by constant or a pin on an incomplete path
     *** display_inst/pattern_gen_initial/mult_106/C6 is driven by constant or a pin on an incomplete path
     *** display_inst/pattern_gen_initial/mult_106/C5 is driven by constant or a pin on an incomplete path
     *** display_inst/pattern_gen_initial/mult_106/C4 is driven by constant or a pin on an incomplete path
     *** display_inst/pattern_gen_initial/mult_106/C3 is driven by constant or a pin on an incomplete path
     *** display_inst/pattern_gen_initial/mult_106/C2 is driven by constant or a pin on an incomplete path
     *** display_inst/pattern_gen_initial/mult_106/C1 is driven by constant or a pin on an incomplete path
     *** display_inst/pattern_gen_initial/mult_106/C0 is driven by constant or a pin on an incomplete path
     *** display_inst/pattern_gen_initial/mult_106/A15 is driven by constant or a pin on an incomplete path
     *** display_inst/pattern_gen_initial/mult_106/A14 is driven by constant or a pin on an incomplete path
     *** display_inst/pattern_gen_initial/mult_106/A13 is driven by constant or a pin on an incomplete path
     *** display_inst/pattern_gen_initial/mult_106/A12 is driven by constant or a pin on an incomplete path
     *** display_inst/pattern_gen_initial/mult_106/A11 is driven by constant or a pin on an incomplete path
     *** display_inst/pattern_gen_initial/mult_106/A10 is driven by constant or a pin on an incomplete path
     *** display_inst/pattern_gen_initial/mult_106/A9 is driven by constant or a pin on an incomplete path
     *** display_inst/pattern_gen_initial/mult_106/A8 is driven by constant or a pin on an incomplete path
     *** display_inst/pattern_gen_initial/mult_106/A7 is driven by constant or a pin on an incomplete path
     *** display_inst/pattern_gen_initial/mult_106/A6 is driven by constant or a pin on an incomplete path
     *** display_inst/pattern_gen_initial/mult_106/A5 is driven by constant or a pin on an incomplete path
     *** display_inst/pattern_gen_initial/mult_106/A4 is driven by constant or a pin on an incomplete path
     *** display_inst/pattern_gen_initial/mult_106/A2 is driven by constant or a pin on an incomplete path
     *** display_inst/pattern_gen_initial/mult_106/B15 is driven by constant or a pin on an incomplete path
     *** display_inst/pattern_gen_initial/mult_106/B14 is driven by constant or a pin on an incomplete path
     *** display_inst/pattern_gen_initial/mult_106/B13 is driven by constant or a pin on an incomplete path
     *** display_inst/pattern_gen_initial/mult_106/B12 is driven by constant or a pin on an incomplete path
     *** display_inst/pattern_gen_initial/mult_106/B11 is driven by constant or a pin on an incomplete path
     *** display_inst/pattern_gen_initial/mult_106/B10 is driven by constant or a pin on an incomplete path
     *** display_inst/pattern_gen_initial/mult_106/B9 is driven by constant or a pin on an incomplete path
     *** display_inst/pattern_gen_initial/mult_106/B8 is driven by constant or a pin on an incomplete path
     *** display_inst/pattern_gen_initial/mult_106/B7 is driven by constant or a pin on an incomplete path
     *** display_inst/pattern_gen_initial/mult_106/B6 is driven by constant or a pin on an incomplete path
     *** display_inst/pattern_gen_initial/mult_106/B5 is driven by constant or a pin on an incomplete path
     *** display_inst/pattern_gen_initial/mult_106/B4 is driven by constant or a pin on an incomplete path
     *** display_inst/pattern_gen_initial/mult_106/B3 is driven by constant or a pin on an incomplete path
     *** display_inst/pattern_gen_initial/mult_106/D15 is driven by constant or a pin on an incomplete path
     *** display_inst/pattern_gen_initial/mult_106/D14 is driven by constant or a pin on an incomplete path
     *** display_inst/pattern_gen_initial/mult_106/D13 is driven by constant or a pin on an incomplete path
     *** display_inst/pattern_gen_initial/mult_106/D12 is driven by constant or a pin on an incomplete path
     *** display_inst/pattern_gen_initial/mult_106/D11 is driven by constant or a pin on an incomplete path
     *** display_inst/pattern_gen_initial/mult_106/D10 is driven by constant or a pin on an incomplete path
     *** display_inst/pattern_gen_initial/mult_106/D9 is driven by constant or a pin on an incomplete path
     *** display_inst/pattern_gen_initial/mult_106/D8 is driven by constant or a pin on an incomplete path
     *** display_inst/pattern_gen_initial/mult_106/D7 is driven by constant or a pin on an incomplete path
     *** display_inst/pattern_gen_initial/mult_106/D6 is driven by constant or a pin on an incomplete path
     *** display_inst/pattern_gen_initial/mult_106/D5 is driven by constant or a pin on an incomplete path
     *** display_inst/pattern_gen_initial/mult_106/D4 is driven by constant or a pin on an incomplete path
     *** display_inst/pattern_gen_initial/mult_106/D3 is driven by constant or a pin on an incomplete path
     *** display_inst/pattern_gen_initial/mult_106/D2 is driven by constant or a pin on an incomplete path
     *** display_inst/pattern_gen_initial/mult_106/D1 is driven by constant or a pin on an incomplete path
     *** display_inst/pattern_gen_initial/mult_106/D0 is driven by constant or a pin on an incomplete path
     *** display_inst/pattern_gen_initial/mult_106/AHOLD is driven by constant or a pin on an incomplete path
     *** display_inst/pattern_gen_initial/mult_106/BHOLD is driven by constant or a pin on an incomplete path
     *** display_inst/pattern_gen_initial/mult_106/CHOLD is driven by constant or a pin on an incomplete path
     *** display_inst/pattern_gen_initial/mult_106/DHOLD is driven by constant or a pin on an incomplete path
     *** display_inst/pattern_gen_initial/mult_106/IRSTTOP is driven by constant or a pin on an incomplete path
     *** display_inst/pattern_gen_initial/mult_106/IRSTBOT is driven by constant or a pin on an incomplete path
     *** display_inst/pattern_gen_initial/mult_106/ORSTTOP is driven by constant or a pin on an incomplete path
     *** display_inst/pattern_gen_initial/mult_106/ORSTBOT is driven by constant or a pin on an incomplete path
     *** display_inst/pattern_gen_initial/mult_106/OLOADTOP is driven by constant or a pin on an incomplete path
     *** display_inst/pattern_gen_initial/mult_106/OLOADBOT is driven by constant or a pin on an incomplete path
     *** display_inst/pattern_gen_initial/mult_106/ADDSUBTOP is driven by constant or a pin on an incomplete path
     *** display_inst/pattern_gen_initial/mult_106/ADDSUBBOT is driven by constant or a pin on an incomplete path
     *** display_inst/pattern_gen_initial/mult_106/OHOLDTOP is driven by constant or a pin on an incomplete path
     *** display_inst/pattern_gen_initial/mult_106/OHOLDBOT is driven by constant or a pin on an incomplete path
     *** display_inst/pattern_gen_initial/mult_106/CI is driven by constant or a pin on an incomplete path
     *** display_inst/pattern_gen_initial/mult_106/ACCUMCI is driven by constant or a pin on an incomplete path
     *** display_inst/pattern_gen_initial/mult_106/SIGNEXTIN is driven by constant or a pin on an incomplete path
     *** display_inst/pattern_gen_initial/add_314_add_5_1/A0 is driven by constant or a pin on an incomplete path
     *** display_inst/pattern_gen_initial/add_314_add_5_1/B0 is driven by constant or a pin on an incomplete path
     *** display_inst/pattern_gen_initial/add_314_add_5_1/C0 is driven by constant or a pin on an incomplete path
     *** display_inst/pattern_gen_initial/add_314_add_5_1/A1 is driven by constant or a pin on an incomplete path
     *** display_inst/pattern_gen_initial/add_312_add_5_7/B1 is driven by constant or a pin on an incomplete path
     *** display_inst/pattern_gen_initial/add_312_add_5_5/A0 is driven by constant or a pin on an incomplete path
     *** display_inst/pattern_gen_initial/add_312_add_5_5/B0 is driven by constant or a pin on an incomplete path
     *** display_inst/pattern_gen_initial/add_312_add_5_5/A1 is driven by constant or a pin on an incomplete path
     *** display_inst/pattern_gen_initial/add_312_add_5_5/B1 is driven by constant or a pin on an incomplete path
     *** display_inst/pattern_gen_initial/add_316_add_5_9/A0 is driven by constant or a pin on an incomplete path
     *** display_inst/pattern_gen_initial/add_316_add_5_9/B0 is driven by constant or a pin on an incomplete path
     *** display_inst/pattern_gen_initial/add_316_add_5_9/A1 is driven by constant or a pin on an incomplete path
     *** display_inst/pattern_gen_initial/add_316_add_5_9/B1 is driven by constant or a pin on an incomplete path
     *** display_inst/pattern_gen_initial/add_316_add_5_9/C1 is driven by constant or a pin on an incomplete path
     *** display_inst/pattern_gen_initial/add_318_add_5_7/A0 is driven by constant or a pin on an incomplete path
     *** display_inst/pattern_gen_initial/add_318_add_5_7/B0 is driven by constant or a pin on an incomplete path
     *** display_inst/pattern_gen_initial/add_318_add_5_7/A1 is driven by constant or a pin on an incomplete path
     *** display_inst/pattern_gen_initial/add_318_add_5_7/B1 is driven by constant or a pin on an incomplete path
     *** display_inst/pattern_gen_initial/add_313_add_5_1/A0 is driven by constant or a pin on an incomplete path
     *** display_inst/pattern_gen_initial/add_313_add_5_1/B0 is driven by constant or a pin on an incomplete path
     *** display_inst/pattern_gen_initial/add_313_add_5_1/C0 is driven by constant or a pin on an incomplete path
     *** display_inst/pattern_gen_initial/add_313_add_5_1/A1 is driven by constant or a pin on an incomplete path
     *** display_inst/pattern_gen_initial/add_312_add_5_3/A0 is driven by constant or a pin on an incomplete path
     *** display_inst/pattern_gen_initial/add_312_add_5_3/A1 is driven by constant or a pin on an incomplete path
     *** display_inst/pattern_gen_initial/add_312_add_5_3/B1 is driven by constant or a pin on an incomplete path
     *** display_inst/pattern_gen_initial/add_318_add_5_5/A0 is driven by constant or a pin on an incomplete path
     *** display_inst/pattern_gen_initial/add_318_add_5_5/B0 is driven by constant or a pin on an incomplete path
     *** display_inst/pattern_gen_initial/add_318_add_5_5/A1 is driven by constant or a pin on an incomplete path
     *** display_inst/pattern_gen_initial/add_318_add_5_5/B1 is driven by constant or a pin on an incomplete path
     *** display_inst/pattern_gen_initial/add_318_add_5_3/A0 is driven by constant or a pin on an incomplete path
     *** display_inst/pattern_gen_initial/add_318_add_5_3/A1 is driven by constant or a pin on an incomplete path
     *** display_inst/pattern_gen_initial/add_698_7/A0 is driven by constant or a pin on an incomplete path
     *** display_inst/pattern_gen_initial/add_698_7/A1 is driven by constant or a pin on an incomplete path
     *** display_inst/pattern_gen_initial/add_698_5/A0 is driven by constant or a pin on an incomplete path
     *** display_inst/pattern_gen_initial/add_698_5/C0 is driven by constant or a pin on an incomplete path
     *** display_inst/pattern_gen_initial/add_698_5/A1 is driven by constant or a pin on an incomplete path
     *** display_inst/pattern_gen_initial/sub_990_add_2_add_5_9/A0 is driven by constant or a pin on an incomplete path
     *** display_inst/pattern_gen_initial/sub_990_add_2_add_5_9/A1 is driven by constant or a pin on an incomplete path
     *** display_inst/pattern_gen_initial/sub_990_add_2_add_5_9/B1 is driven by constant or a pin on an incomplete path
     *** display_inst/pattern_gen_initial/sub_990_add_2_add_5_9/C1 is driven by constant or a pin on an incomplete path
     *** display_inst/pattern_gen_initial/add_318_add_5_1/A0 is driven by constant or a pin on an incomplete path
     *** display_inst/pattern_gen_initial/add_318_add_5_1/B0 is driven by constant or a pin on an incomplete path
     *** display_inst/pattern_gen_initial/add_318_add_5_1/C0 is driven by constant or a pin on an incomplete path
     *** display_inst/pattern_gen_initial/add_318_add_5_1/A1 is driven by constant or a pin on an incomplete path
     *** display_inst/pattern_gen_initial/add_312_add_5_1/A0 is driven by constant or a pin on an incomplete path
     *** display_inst/pattern_gen_initial/add_312_add_5_1/B0 is driven by constant or a pin on an incomplete path
     *** display_inst/pattern_gen_initial/add_312_add_5_1/C0 is driven by constant or a pin on an incomplete path
     *** display_inst/pattern_gen_initial/add_312_add_5_1/A1 is driven by constant or a pin on an incomplete path
     *** display_inst/pattern_gen_initial/add_316_add_5_7/A0 is driven by constant or a pin on an incomplete path
     *** display_inst/pattern_gen_initial/add_316_add_5_7/B0 is driven by constant or a pin on an incomplete path
     *** display_inst/pattern_gen_initial/add_316_add_5_7/A1 is driven by constant or a pin on an incomplete path
     *** display_inst/pattern_gen_initial/add_316_add_5_7/B1 is driven by constant or a pin on an incomplete path
     *** display_inst/pattern_gen_initial/add_698_3/A0 is driven by constant or a pin on an incomplete path
     *** display_inst/pattern_gen_initial/add_698_3/C0 is driven by constant or a pin on an incomplete path
     *** display_inst/pattern_gen_initial/add_698_3/A1 is driven by constant or a pin on an incomplete path
     *** display_inst/pattern_gen_initial/add_682_7/A0 is driven by constant or a pin on an incomplete path
     *** display_inst/pattern_gen_initial/add_682_7/A1 is driven by constant or a pin on an incomplete path
     *** display_inst/pattern_gen_initial/add_313_add_5_9/A0 is driven by constant or a pin on an incomplete path
     *** display_inst/pattern_gen_initial/add_313_add_5_9/B0 is driven by constant or a pin on an incomplete path
     *** display_inst/pattern_gen_initial/add_313_add_5_9/A1 is driven by constant or a pin on an incomplete path
     *** display_inst/pattern_gen_initial/add_313_add_5_9/B1 is driven by constant or a pin on an incomplete path
     *** display_inst/pattern_gen_initial/add_313_add_5_9/C1 is driven by constant or a pin on an incomplete path
     *** display_inst/pattern_gen_initial/add_316_add_5_5/A0 is driven by constant or a pin on an incomplete path
     *** display_inst/pattern_gen_initial/add_316_add_5_5/A1 is driven by constant or a pin on an incomplete path
     *** display_inst/pattern_gen_initial/add_316_add_5_3/A0 is driven by constant or a pin on an incomplete path
     *** display_inst/pattern_gen_initial/add_316_add_5_3/A1 is driven by constant or a pin on an incomplete path
     *** display_inst/pattern_gen_initial/add_316_add_5_3/B1 is driven by constant or a pin on an incomplete path
     *** display_inst/pattern_gen_initial/add_313_add_5_7/A0 is driven by constant or a pin on an incomplete path
     *** display_inst/pattern_gen_initial/add_313_add_5_7/B0 is driven by constant or a pin on an incomplete path
     *** display_inst/pattern_gen_initial/add_313_add_5_7/A1 is driven by constant or a pin on an incomplete path
     *** display_inst/pattern_gen_initial/add_313_add_5_7/B1 is driven by constant or a pin on an incomplete path
     *** display_inst/pattern_gen_initial/add_698_1/A0 is driven by constant or a pin on an incomplete path
     *** display_inst/pattern_gen_initial/add_698_1/B0 is driven by constant or a pin on an incomplete path
     *** display_inst/pattern_gen_initial/add_698_1/C0 is driven by constant or a pin on an incomplete path
     *** display_inst/pattern_gen_initial/add_698_1/A1 is driven by constant or a pin on an incomplete path
     *** display_inst/pattern_gen_initial/sub_988_add_2_add_5_9/A0 is driven by constant or a pin on an incomplete path
     *** display_inst/pattern_gen_initial/sub_988_add_2_add_5_9/A1 is driven by constant or a pin on an incomplete path
     *** display_inst/pattern_gen_initial/sub_988_add_2_add_5_9/B1 is driven by constant or a pin on an incomplete path
     *** display_inst/pattern_gen_initial/sub_988_add_2_add_5_9/C1 is driven by constant or a pin on an incomplete path
     *** display_inst/pattern_gen_initial/add_682_5/A0 is driven by constant or a pin on an incomplete path
     *** display_inst/pattern_gen_initial/add_682_5/C0 is driven by constant or a pin on an incomplete path
     *** display_inst/pattern_gen_initial/add_682_5/A1 is driven by constant or a pin on an incomplete path
     *** display_inst/pattern_gen_initial/sub_988_add_2_add_5_7/A0 is driven by constant or a pin on an incomplete path
     *** display_inst/pattern_gen_initial/sub_988_add_2_add_5_7/A1 is driven by constant or a pin on an incomplete path
     *** display_inst/pattern_gen_initial/add_683_7/A0 is driven by constant or a pin on an incomplete path
     *** display_inst/pattern_gen_initial/add_683_7/A1 is driven by constant or a pin on an incomplete path
     *** display_inst/pattern_gen_initial/add_683_7/B1 is driven by constant or a pin on an incomplete path
     *** display_inst/pattern_gen_initial/add_683_7/C1 is driven by constant or a pin on an incomplete path
     *** display_inst/pattern_gen_initial/sub_990_add_2_add_5_7/A0 is driven by constant or a pin on an incomplete path
     *** display_inst/pattern_gen_initial/sub_990_add_2_add_5_7/A1 is driven by constant or a pin on an incomplete path
     *** display_inst/pattern_gen_initial/add_316_add_5_1/A0 is driven by constant or a pin on an incomplete path
     *** display_inst/pattern_gen_initial/add_316_add_5_1/B0 is driven by constant or a pin on an incomplete path
     *** display_inst/pattern_gen_initial/add_316_add_5_1/C0 is driven by constant or a pin on an incomplete path
     *** display_inst/pattern_gen_initial/add_316_add_5_1/A1 is driven by constant or a pin on an incomplete path
     *** display_inst/pattern_gen_initial/sub_990_add_2_add_5_5/A0 is driven by constant or a pin on an incomplete path
     *** display_inst/pattern_gen_initial/sub_990_add_2_add_5_5/A1 is driven by constant or a pin on an incomplete path
     *** display_inst/pattern_gen_initial/add_315_add_5_9/A0 is driven by constant or a pin on an incomplete path
     *** display_inst/pattern_gen_initial/add_315_add_5_9/B0 is driven by constant or a pin on an incomplete path
     *** display_inst/pattern_gen_initial/add_315_add_5_9/A1 is driven by constant or a pin on an incomplete path
     *** display_inst/pattern_gen_initial/add_315_add_5_9/B1 is driven by constant or a pin on an incomplete path
     *** display_inst/pattern_gen_initial/add_315_add_5_9/C1 is driven by constant or a pin on an incomplete path
     *** display_inst/pattern_gen_initial/add_682_3/A0 is driven by constant or a pin on an incomplete path
     *** display_inst/pattern_gen_initial/add_682_3/C0 is driven by constant or a pin on an incomplete path
     *** display_inst/pattern_gen_initial/add_682_3/A1 is driven by constant or a pin on an incomplete path
     *** display_inst/pattern_gen_initial/add_315_add_5_7/A0 is driven by constant or a pin on an incomplete path
     *** display_inst/pattern_gen_initial/add_315_add_5_7/B0 is driven by constant or a pin on an incomplete path
     *** display_inst/pattern_gen_initial/add_315_add_5_7/A1 is driven by constant or a pin on an incomplete path
     *** display_inst/pattern_gen_initial/add_315_add_5_7/B1 is driven by constant or a pin on an incomplete path
     *** display_inst/pattern_gen_initial/add_315_add_5_5/A0 is driven by constant or a pin on an incomplete path
     *** display_inst/pattern_gen_initial/add_315_add_5_5/A1 is driven by constant or a pin on an incomplete path
     *** display_inst/pattern_gen_initial/add_315_add_5_5/B1 is driven by constant or a pin on an incomplete path
     *** display_inst/pattern_gen_initial/add_683_5/A0 is driven by constant or a pin on an incomplete path
     *** display_inst/pattern_gen_initial/add_683_5/C0 is driven by constant or a pin on an incomplete path
     *** display_inst/pattern_gen_initial/add_683_5/A1 is driven by constant or a pin on an incomplete path
     *** display_inst/pattern_gen_initial/add_683_3/A0 is driven by constant or a pin on an incomplete path
     *** display_inst/pattern_gen_initial/add_683_3/C0 is driven by constant or a pin on an incomplete path
     *** display_inst/pattern_gen_initial/add_683_3/A1 is driven by constant or a pin on an incomplete path
     *** display_inst/pattern_gen_initial/add_683_1/A0 is driven by constant or a pin on an incomplete path
     *** display_inst/pattern_gen_initial/add_683_1/B0 is driven by constant or a pin on an incomplete path
     *** display_inst/pattern_gen_initial/add_683_1/C0 is driven by constant or a pin on an incomplete path
     *** display_inst/pattern_gen_initial/add_683_1/A1 is driven by constant or a pin on an incomplete path
     *** display_inst/pattern_gen_initial/mod_7_add_354_9/A0 is driven by constant or a pin on an incomplete path
     *** display_inst/pattern_gen_initial/mod_7_add_354_9/A1 is driven by constant or a pin on an incomplete path
     *** display_inst/pattern_gen_initial/mod_7_add_354_9/B1 is driven by constant or a pin on an incomplete path
     *** display_inst/pattern_gen_initial/mod_7_add_354_9/C1 is driven by constant or a pin on an incomplete path
     *** display_inst/pattern_gen_initial/mod_7_add_354_7/A0 is driven by constant or a pin on an incomplete path
     *** display_inst/pattern_gen_initial/mod_7_add_354_7/A1 is driven by constant or a pin on an incomplete path
     *** display_inst/pattern_gen_initial/add_682_1/A0 is driven by constant or a pin on an incomplete path
     *** display_inst/pattern_gen_initial/add_682_1/B0 is driven by constant or a pin on an incomplete path
     *** display_inst/pattern_gen_initial/add_682_1/C0 is driven by constant or a pin on an incomplete path
     *** display_inst/pattern_gen_initial/add_682_1/A1 is driven by constant or a pin on an incomplete path
     *** display_inst/pattern_gen_initial/sub_990_add_2_add_5_3/A0 is driven by constant or a pin on an incomplete path
     *** display_inst/pattern_gen_initial/sub_990_add_2_add_5_3/A1 is driven by constant or a pin on an incomplete path
     *** display_inst/pattern_gen_initial/sub_990_add_2_add_5_3/C1 is driven by constant or a pin on an incomplete path
     *** display_inst/pattern_gen_initial/mod_4_add_354_9/A0 is driven by constant or a pin on an incomplete path
     *** display_inst/pattern_gen_initial/mod_4_add_354_9/A1 is driven by constant or a pin on an incomplete path
     *** display_inst/pattern_gen_initial/mod_4_add_354_9/B1 is driven by constant or a pin on an incomplete path
     *** display_inst/pattern_gen_initial/mod_4_add_354_9/C1 is driven by constant or a pin on an incomplete path
     *** display_inst/pattern_gen_initial/add_315_add_5_3/A0 is driven by constant or a pin on an incomplete path
     *** display_inst/pattern_gen_initial/add_315_add_5_3/A1 is driven by constant or a pin on an incomplete path
     *** display_inst/pattern_gen_initial/mod_7_add_354_5/A0 is driven by constant or a pin on an incomplete path
     *** display_inst/pattern_gen_initial/mod_7_add_354_5/C0 is driven by constant or a pin on an incomplete path
     *** display_inst/pattern_gen_initial/mod_7_add_354_5/A1 is driven by constant or a pin on an incomplete path
     *** display_inst/pattern_gen_initial/mod_7_add_354_3/A0 is driven by constant or a pin on an incomplete path
     *** display_inst/pattern_gen_initial/mod_7_add_354_3/C0 is driven by constant or a pin on an incomplete path
     *** display_inst/pattern_gen_initial/mod_7_add_354_3/A1 is driven by constant or a pin on an incomplete path
     *** display_inst/pattern_gen_initial/mod_7_add_354_1/A0 is driven by constant or a pin on an incomplete path
     *** display_inst/pattern_gen_initial/mod_7_add_354_1/B0 is driven by constant or a pin on an incomplete path
     *** display_inst/pattern_gen_initial/mod_7_add_354_1/C0 is driven by constant or a pin on an incomplete path
     *** display_inst/pattern_gen_initial/mod_7_add_354_1/A1 is driven by constant or a pin on an incomplete path
     *** display_inst/pattern_gen_initial/add_315_add_5_1/A0 is driven by constant or a pin on an incomplete path
     *** display_inst/pattern_gen_initial/add_315_add_5_1/B0 is driven by constant or a pin on an incomplete path
     *** display_inst/pattern_gen_initial/add_315_add_5_1/C0 is driven by constant or a pin on an incomplete path
     *** display_inst/pattern_gen_initial/add_315_add_5_1/A1 is driven by constant or a pin on an incomplete path
     *** display_inst/pattern_gen_initial/add_697_7/A0 is driven by constant or a pin on an incomplete path
     *** display_inst/pattern_gen_initial/add_697_7/A1 is driven by constant or a pin on an incomplete path
     *** display_inst/pattern_gen_initial/add_697_7/B1 is driven by constant or a pin on an incomplete path
     *** display_inst/pattern_gen_initial/add_697_7/C1 is driven by constant or a pin on an incomplete path
     *** display_inst/pattern_gen_initial/mod_4_add_354_7/A0 is driven by constant or a pin on an incomplete path
     *** display_inst/pattern_gen_initial/mod_4_add_354_7/A1 is driven by constant or a pin on an incomplete path
     *** display_inst/pattern_gen_initial/add_314_add_5_9/A0 is driven by constant or a pin on an incomplete path
     *** display_inst/pattern_gen_initial/add_314_add_5_9/B0 is driven by constant or a pin on an incomplete path
     *** display_inst/pattern_gen_initial/add_314_add_5_9/A1 is driven by constant or a pin on an incomplete path
     *** display_inst/pattern_gen_initial/add_314_add_5_9/B1 is driven by constant or a pin on an incomplete path
     *** display_inst/pattern_gen_initial/add_314_add_5_9/C1 is driven by constant or a pin on an incomplete path
     *** display_inst/pattern_gen_initial/sub_988_add_2_add_5_5/A0 is driven by constant or a pin on an incomplete path
     *** display_inst/pattern_gen_initial/sub_988_add_2_add_5_5/C0 is driven by constant or a pin on an incomplete path
     *** display_inst/pattern_gen_initial/sub_988_add_2_add_5_5/A1 is driven by constant or a pin on an incomplete path
     *** display_inst/pattern_gen_initial/sub_988_add_2_add_5_5/C1 is driven by constant or a pin on an incomplete path
     *** display_inst/pattern_gen_initial/add_697_5/A0 is driven by constant or a pin on an incomplete path
     *** display_inst/pattern_gen_initial/add_697_5/C0 is driven by constant or a pin on an incomplete path
     *** display_inst/pattern_gen_initial/add_697_5/A1 is driven by constant or a pin on an incomplete path
     *** display_inst/pattern_gen_initial/sub_988_add_2_add_5_3/A0 is driven by constant or a pin on an incomplete path
     *** display_inst/pattern_gen_initial/sub_988_add_2_add_5_3/A1 is driven by constant or a pin on an incomplete path
     *** display_inst/pattern_gen_initial/sub_990_add_2_add_5_1/A0 is driven by constant or a pin on an incomplete path
     *** display_inst/pattern_gen_initial/sub_990_add_2_add_5_1/B0 is driven by constant or a pin on an incomplete path
     *** display_inst/pattern_gen_initial/sub_990_add_2_add_5_1/C0 is driven by constant or a pin on an incomplete path
     *** display_inst/pattern_gen_initial/sub_990_add_2_add_5_1/A1 is driven by constant or a pin on an incomplete path
     *** display_inst/pattern_gen_initial/add_697_3/A0 is driven by constant or a pin on an incomplete path
     *** display_inst/pattern_gen_initial/add_697_3/C0 is driven by constant or a pin on an incomplete path
     *** display_inst/pattern_gen_initial/add_697_3/A1 is driven by constant or a pin on an incomplete path
     *** display_inst/pattern_gen_initial/sub_988_add_2_add_5_1/A0 is driven by constant or a pin on an incomplete path
     *** display_inst/pattern_gen_initial/sub_988_add_2_add_5_1/B0 is driven by constant or a pin on an incomplete path
     *** display_inst/pattern_gen_initial/sub_988_add_2_add_5_1/C0 is driven by constant or a pin on an incomplete path
     *** display_inst/pattern_gen_initial/sub_988_add_2_add_5_1/A1 is driven by constant or a pin on an incomplete path
     *** display_inst/pattern_gen_initial/add_318_add_5_9/A0 is driven by constant or a pin on an incomplete path
     *** display_inst/pattern_gen_initial/add_318_add_5_9/B0 is driven by constant or a pin on an incomplete path
     *** display_inst/pattern_gen_initial/add_318_add_5_9/A1 is driven by constant or a pin on an incomplete path
     *** display_inst/pattern_gen_initial/add_318_add_5_9/B1 is driven by constant or a pin on an incomplete path
     *** display_inst/pattern_gen_initial/add_318_add_5_9/C1 is driven by constant or a pin on an incomplete path
     *** display_inst/vga_init/y_pos_320_add_4_3/A0 is driven by constant or a pin on an incomplete path
     *** display_inst/vga_init/y_pos_320_add_4_3/B0 is driven by constant or a pin on an incomplete path
     *** display_inst/vga_init/y_pos_320_add_4_3/A1 is driven by constant or a pin on an incomplete path
     *** display_inst/vga_init/y_pos_320_add_4_3/B1 is driven by constant or a pin on an incomplete path
     *** display_inst/vga_init/y_pos_320_add_4_1/A0 is driven by constant or a pin on an incomplete path
     *** display_inst/vga_init/y_pos_320_add_4_1/B0 is driven by constant or a pin on an incomplete path
     *** display_inst/vga_init/y_pos_320_add_4_1/C0 is driven by constant or a pin on an incomplete path
     *** display_inst/vga_init/y_pos_320_add_4_1/A1 is driven by constant or a pin on an incomplete path
     *** display_inst/vga_init/x_pos_321_add_4_9/B0 is driven by constant or a pin on an incomplete path
     *** display_inst/vga_init/x_pos_321_add_4_9/B1 is driven by constant or a pin on an incomplete path
     *** display_inst/vga_init/x_pos_321_add_4_7/B0 is driven by constant or a pin on an incomplete path
     *** display_inst/vga_init/x_pos_321_add_4_7/B1 is driven by constant or a pin on an incomplete path
     *** display_inst/vga_init/x_pos_321_add_4_5/B0 is driven by constant or a pin on an incomplete path
     *** display_inst/vga_init/x_pos_321_add_4_5/B1 is driven by constant or a pin on an incomplete path
     *** display_inst/vga_init/x_pos_321_add_4_3/B0 is driven by constant or a pin on an incomplete path
     *** display_inst/vga_init/x_pos_321_add_4_3/B1 is driven by constant or a pin on an incomplete path
     *** display_inst/vga_init/x_pos_321_add_4_1/B0 is driven by constant or a pin on an incomplete path
     *** display_inst/vga_init/x_pos_321_add_4_1/C0 is driven by constant or a pin on an incomplete path
     *** display_inst/vga_init/y_pos_320_add_4_9/B0 is driven by constant or a pin on an incomplete path
     *** display_inst/vga_init/y_pos_320_add_4_9/B1 is driven by constant or a pin on an incomplete path
     *** display_inst/vga_init/y_pos_320_add_4_7/B0 is driven by constant or a pin on an incomplete path
     *** display_inst/vga_init/y_pos_320_add_4_7/B1 is driven by constant or a pin on an incomplete path
     *** display_inst/vga_init/valid_c/SR is driven by constant or a pin on an incomplete path
     *** display_inst/vga_init/y_pos_320_add_4_5/B0 is driven by constant or a pin on an incomplete path
     *** display_inst/vga_init/y_pos_320_add_4_5/B1 is driven by constant or a pin on an incomplete path
     *** NES_inst/output_i0_i6/SR is driven by constant or a pin on an incomplete path
     *** NES_inst/output_i0_i5/SR is driven by constant or a pin on an incomplete path
     *** NES_inst/output_i0_i4/SR is driven by constant or a pin on an incomplete path
     *** NES_inst/output_i0_i3/SR is driven by constant or a pin on an incomplete path
     *** NES_inst/output_i0_i2/SR is driven by constant or a pin on an incomplete path
     *** NES_inst/output_i0_i1/SR is driven by constant or a pin on an incomplete path
     *** NES_inst/output_i0_i0/DO0 is driven by constant or a pin on an incomplete path
     *** NES_inst/output_i0_i0/IOLTO is driven by constant or a pin on an incomplete path
     *** NES_inst/output_i0_i0/OUTCLK is driven by constant or a pin on an incomplete path
     *** NES_inst/count_319_417__i1/SR is driven by constant or a pin on an incomplete path
     *** NES_inst/count_319_417__i2/SR is driven by constant or a pin on an incomplete path
     *** NES_inst/count_319_417_add_4_19/B0 is driven by constant or a pin on an incomplete path
     *** NES_inst/count_319_417_add_4_19/B1 is driven by constant or a pin on an incomplete path
     *** NES_inst/count_319_417_add_4_17/B0 is driven by constant or a pin on an incomplete path
     *** NES_inst/count_319_417_add_4_17/B1 is driven by constant or a pin on an incomplete path
     *** NES_inst/count_319_417_add_4_15/B0 is driven by constant or a pin on an incomplete path
     *** NES_inst/count_319_417_add_4_15/B1 is driven by constant or a pin on an incomplete path
     *** NES_inst/count_319_417_add_4_13/B0 is driven by constant or a pin on an incomplete path
     *** NES_inst/count_319_417_add_4_13/B1 is driven by constant or a pin on an incomplete path
     *** NES_inst/count_319_417_add_4_11/B0 is driven by constant or a pin on an incomplete path
     *** NES_inst/count_319_417_add_4_11/B1 is driven by constant or a pin on an incomplete path
     *** NES_inst/count_319_417_add_4_9/B0 is driven by constant or a pin on an incomplete path
     *** NES_inst/count_319_417_add_4_9/B1 is driven by constant or a pin on an incomplete path
     *** NES_inst/count_319_417_add_4_7/B0 is driven by constant or a pin on an incomplete path
     *** NES_inst/count_319_417_add_4_7/B1 is driven by constant or a pin on an incomplete path
     *** NES_inst/count_319_417_add_4_5/B0 is driven by constant or a pin on an incomplete path
     *** NES_inst/count_319_417_add_4_5/B1 is driven by constant or a pin on an incomplete path
     *** NES_inst/count_319_417_add_4_3/B0 is driven by constant or a pin on an incomplete path
     *** NES_inst/count_319_417_add_4_3/B1 is driven by constant or a pin on an incomplete path
     *** NES_inst/count_319_417_add_4_1/A0 is driven by constant or a pin on an incomplete path
     *** NES_inst/count_319_417_add_4_1/B0 is driven by constant or a pin on an incomplete path
     *** NES_inst/count_319_417_add_4_1/C0 is driven by constant or a pin on an incomplete path
     *** NES_inst/count_319_417_add_4_1/A1 is driven by constant or a pin on an incomplete path
     *** NES_inst/count_319_417__i3/SR is driven by constant or a pin on an incomplete path
     *** NES_inst/count_319_417__i4/SR is driven by constant or a pin on an incomplete path
     *** NES_inst/count_319_417__i5/SR is driven by constant or a pin on an incomplete path
     *** NES_inst/count_319_417__i6/SR is driven by constant or a pin on an incomplete path
     *** NES_inst/count_319_417__i7/SR is driven by constant or a pin on an incomplete path
     *** NES_inst/count_319_417__i8/SR is driven by constant or a pin on an incomplete path
     *** NES_inst/count_319_417__i9/SR is driven by constant or a pin on an incomplete path
     *** NES_inst/count_319_417__i10/SR is driven by constant or a pin on an incomplete path
     *** NES_inst/count_319_417__i11/SR is driven by constant or a pin on an incomplete path
     *** NES_inst/count_319_417__i12/SR is driven by constant or a pin on an incomplete path
     *** NES_inst/count_319_417__i13/SR is driven by constant or a pin on an incomplete path
     *** NES_inst/count_319_417__i14/SR is driven by constant or a pin on an incomplete path
     *** NES_inst/count_319_417__i15/SR is driven by constant or a pin on an incomplete path
     *** NES_inst/count_319_417__i16/SR is driven by constant or a pin on an incomplete path
     *** NES_inst/count_319_417__i17/SR is driven by constant or a pin on an incomplete path
     *** NES_inst/count_319_417__i18/SR is driven by constant or a pin on an incomplete path
     *** NES_inst/count_319_417__i19/SR is driven by constant or a pin on an incomplete path
     *** NES_inst/count_319_417__i20/SR is driven by constant or a pin on an incomplete path
     *** NES_inst/output_i0_i7/SR is driven by constant or a pin on an incomplete path
     *** board_inst/button_i0_i3/SR is driven by constant or a pin on an incomplete path
     *** board_inst/apple_id_i0/SR is driven by constant or a pin on an incomplete path
     *** board_inst/apple_id_i5/SR is driven by constant or a pin on an incomplete path
     *** board_inst/apple_id_i2/SR is driven by constant or a pin on an incomplete path
     *** board_inst/apple_id_i6/SR is driven by constant or a pin on an incomplete path
     *** board_inst/apple_id_i8/SR is driven by constant or a pin on an incomplete path
     *** board_inst/game_State_i0/SR is driven by constant or a pin on an incomplete path
     *** HSOSC_inst/TRIM9 is driven by constant or a pin on an incomplete path
     *** HSOSC_inst/TRIM8 is driven by constant or a pin on an incomplete path
     *** HSOSC_inst/TRIM7 is driven by constant or a pin on an incomplete path
     *** HSOSC_inst/TRIM6 is driven by constant or a pin on an incomplete path
     *** HSOSC_inst/TRIM5 is driven by constant or a pin on an incomplete path
     *** HSOSC_inst/TRIM4 is driven by constant or a pin on an incomplete path
     *** HSOSC_inst/TRIM3 is driven by constant or a pin on an incomplete path
     *** HSOSC_inst/TRIM2 is driven by constant or a pin on an incomplete path
     *** HSOSC_inst/TRIM1 is driven by constant or a pin on an incomplete path
     *** HSOSC_inst/TRIM0 is driven by constant or a pin on an incomplete path
     *** pll_in_clock_pad.bb_inst/T_N is driven by constant or a pin on an incomplete path
     *** data_pad.bb_inst/T_N is driven by constant or a pin on an incomplete path
     *** delete_me_pad[0].bb_inst/I is driven by constant or a pin on an incomplete path
     *** delete_me_pad[1].bb_inst/I is driven by constant or a pin on an incomplete path
     *** delete_me_pad[2].bb_inst/I is driven by constant or a pin on an incomplete path
HSOSC_CORE/CLKHFPU input HSOSC_instis connected to a constant net
HSOSC_CORE/CLKHFEN input HSOSC_instis connected to a constant net
FA2/D1 input add_312_add_5_9 has no outgoing device arc
FA2/CI1 input add_312_add_5_9 has no outgoing device arc
     ** display_inst/pattern_gen_initial/add_312_add_5_9/CO0 is driving a pin on an incomplete path
FA2/C0 input add_312_add_5_9 is on an incomplete path
FA2/CI0 input add_312_add_5_9 is on an incomplete path
FA2/D1 input add_316_add_5_9 has no outgoing device arc
FA2/CI1 input add_316_add_5_9 has no outgoing device arc
     ** display_inst/pattern_gen_initial/add_316_add_5_9/CO0 is driving a pin on an incomplete path
FA2/C0 input add_316_add_5_9 is on an incomplete path
FA2/CI0 input add_316_add_5_9 is on an incomplete path
FA2/CI1 input add_698_7 has no outgoing device arc
FA2/D1 input sub_990_add_2_add_5_9 has no outgoing device arc
FA2/CI1 input sub_990_add_2_add_5_9 has no outgoing device arc
     ** display_inst/pattern_gen_initial/sub_990_add_2_add_5_9/CO0 is driving a pin on an incomplete path
FA2/B0 input sub_990_add_2_add_5_9 is on an incomplete path
FA2/C0 input sub_990_add_2_add_5_9is connected to a constant net
FA2/CI0 input sub_990_add_2_add_5_9 is on an incomplete path
FA2/CI1 input add_682_7 has no outgoing device arc
FA2/D1 input add_313_add_5_9 has no outgoing device arc
FA2/CI1 input add_313_add_5_9 has no outgoing device arc
     ** display_inst/pattern_gen_initial/add_313_add_5_9/CO0 is driving a pin on an incomplete path
FA2/C0 input add_313_add_5_9 is on an incomplete path
FA2/CI0 input add_313_add_5_9 is on an incomplete path
     ** display_inst/pattern_gen_initial/mult_106/O7 is driving a pin on an incomplete path
FA2/D1 input sub_988_add_2_add_5_9 has no outgoing device arc
FA2/CI1 input sub_988_add_2_add_5_9 has no outgoing device arc
     ** display_inst/pattern_gen_initial/sub_988_add_2_add_5_9/CO0 is driving a pin on an incomplete path
FA2/B0 input sub_988_add_2_add_5_9 is on an incomplete path
FA2/C0 input sub_988_add_2_add_5_9is connected to a constant net
FA2/CI0 input sub_988_add_2_add_5_9 is on an incomplete path
FA2/D1 input add_683_7 has no outgoing device arc
FA2/CI1 input add_683_7 has no outgoing device arc
     ** display_inst/pattern_gen_initial/add_683_7/CO0 is driving a pin on an incomplete path
FA2/B0 input add_683_7 is on an incomplete path
FA2/C0 input add_683_7is connected to a constant net
FA2/CI0 input add_683_7 is on an incomplete path
FA2/D1 input add_315_add_5_9 has no outgoing device arc
FA2/CI1 input add_315_add_5_9 has no outgoing device arc
     ** display_inst/pattern_gen_initial/add_315_add_5_9/CO0 is driving a pin on an incomplete path
FA2/C0 input add_315_add_5_9 is on an incomplete path
FA2/CI0 input add_315_add_5_9 is on an incomplete path
FA2/D1 input mod_7_add_354_9 has no outgoing device arc
FA2/CI1 input mod_7_add_354_9 has no outgoing device arc
     ** display_inst/pattern_gen_initial/mod_7_add_354_9/CO0 is driving a pin on an incomplete path
FA2/B0 input mod_7_add_354_9 is on an incomplete path
FA2/C0 input mod_7_add_354_9is connected to a constant net
FA2/CI0 input mod_7_add_354_9 is on an incomplete path
FA2/D1 input mod_4_add_354_9 has no outgoing device arc
FA2/CI1 input mod_4_add_354_9 has no outgoing device arc
     ** display_inst/pattern_gen_initial/mod_4_add_354_9/CO0 is driving a pin on an incomplete path
FA2/B0 input mod_4_add_354_9 is on an incomplete path
FA2/C0 input mod_4_add_354_9is connected to a constant net
FA2/CI0 input mod_4_add_354_9 is on an incomplete path
FA2/D1 input add_697_7 has no outgoing device arc
FA2/CI1 input add_697_7 has no outgoing device arc
     ** display_inst/pattern_gen_initial/add_697_7/CO0 is driving a pin on an incomplete path
FA2/B0 input add_697_7 is on an incomplete path
FA2/C0 input add_697_7is connected to a constant net
FA2/CI0 input add_697_7 is on an incomplete path
FA2/D1 input add_314_add_5_9 has no outgoing device arc
FA2/CI1 input add_314_add_5_9 has no outgoing device arc
     ** display_inst/pattern_gen_initial/add_314_add_5_9/CO0 is driving a pin on an incomplete path
FA2/C0 input add_314_add_5_9 is on an incomplete path
FA2/CI0 input add_314_add_5_9 is on an incomplete path
FA2/D1 input add_318_add_5_9 has no outgoing device arc
FA2/CI1 input add_318_add_5_9 has no outgoing device arc
     ** display_inst/pattern_gen_initial/add_318_add_5_9/CO0 is driving a pin on an incomplete path
FA2/C0 input add_318_add_5_9 is on an incomplete path
FA2/CI0 input add_318_add_5_9 is on an incomplete path
     ** display_inst/pattern_gen_initial/mult_107/O7 is driving a pin on an incomplete path
VHI/Z VCC  i7100
     *** display_inst/pattern_gen_initial/mod_4_add_354_5/C1 is driven by constant or a pin on an incomplete path
     *** display_inst/pattern_gen_initial/add_697_1/C1 is driven by constant or a pin on an incomplete path
     *** display_inst/pattern_gen_initial/add_317_add_5_7/B0 is driven by constant or a pin on an incomplete path
     *** display_inst/pattern_gen_initial/add_313_add_5_5/B0 is driven by constant or a pin on an incomplete path
     *** display_inst/pattern_gen_initial/add_313_add_5_5/B1 is driven by constant or a pin on an incomplete path
     *** display_inst/pattern_gen_initial/mod_4_add_354_3/C1 is driven by constant or a pin on an incomplete path
     *** display_inst/pattern_gen_initial/mod_4_add_354_1/C1 is driven by constant or a pin on an incomplete path
     *** display_inst/pattern_gen_initial/add_317_add_5_1/B1 is driven by constant or a pin on an incomplete path
     *** display_inst/pattern_gen_initial/add_314_add_5_3/B1 is driven by constant or a pin on an incomplete path
     *** display_inst/pattern_gen_initial/mult_107/A3 is driven by constant or a pin on an incomplete path
     *** display_inst/pattern_gen_initial/mult_107/A1 is driven by constant or a pin on an incomplete path
     *** display_inst/pattern_gen_initial/mult_107/A0 is driven by constant or a pin on an incomplete path
     *** display_inst/pattern_gen_initial/mult_106/A3 is driven by constant or a pin on an incomplete path
     *** display_inst/pattern_gen_initial/mult_106/A1 is driven by constant or a pin on an incomplete path
     *** display_inst/pattern_gen_initial/mult_106/A0 is driven by constant or a pin on an incomplete path
     *** display_inst/pattern_gen_initial/add_314_add_5_1/B1 is driven by constant or a pin on an incomplete path
     *** display_inst/pattern_gen_initial/add_312_add_5_7/B0 is driven by constant or a pin on an incomplete path
     *** display_inst/pattern_gen_initial/add_313_add_5_1/B1 is driven by constant or a pin on an incomplete path
     *** display_inst/pattern_gen_initial/add_312_add_5_3/B0 is driven by constant or a pin on an incomplete path
     *** display_inst/pattern_gen_initial/add_318_add_5_3/B0 is driven by constant or a pin on an incomplete path
     *** display_inst/pattern_gen_initial/add_318_add_5_3/B1 is driven by constant or a pin on an incomplete path
     *** display_inst/pattern_gen_initial/add_698_7/C0 is driven by constant or a pin on an incomplete path
     *** display_inst/pattern_gen_initial/add_698_7/C1 is driven by constant or a pin on an incomplete path
     *** display_inst/pattern_gen_initial/add_698_5/C1 is driven by constant or a pin on an incomplete path
     *** display_inst/pattern_gen_initial/add_318_add_5_1/B1 is driven by constant or a pin on an incomplete path
     *** display_inst/pattern_gen_initial/add_312_add_5_1/B1 is driven by constant or a pin on an incomplete path
     *** display_inst/pattern_gen_initial/add_698_3/C1 is driven by constant or a pin on an incomplete path
     *** display_inst/pattern_gen_initial/add_682_7/C0 is driven by constant or a pin on an incomplete path
     *** display_inst/pattern_gen_initial/add_682_7/C1 is driven by constant or a pin on an incomplete path
     *** display_inst/pattern_gen_initial/add_316_add_5_5/B0 is driven by constant or a pin on an incomplete path
     *** display_inst/pattern_gen_initial/add_316_add_5_5/B1 is driven by constant or a pin on an incomplete path
     *** display_inst/pattern_gen_initial/add_316_add_5_3/B0 is driven by constant or a pin on an incomplete path
     *** display_inst/pattern_gen_initial/add_698_1/C1 is driven by constant or a pin on an incomplete path
     *** display_inst/pattern_gen_initial/add_682_5/C1 is driven by constant or a pin on an incomplete path
     *** display_inst/pattern_gen_initial/sub_988_add_2_add_5_7/C0 is driven by constant or a pin on an incomplete path
     *** display_inst/pattern_gen_initial/sub_988_add_2_add_5_7/C1 is driven by constant or a pin on an incomplete path
     *** display_inst/pattern_gen_initial/sub_990_add_2_add_5_7/C0 is driven by constant or a pin on an incomplete path
     *** display_inst/pattern_gen_initial/sub_990_add_2_add_5_7/C1 is driven by constant or a pin on an incomplete path
     *** display_inst/pattern_gen_initial/add_316_add_5_1/B1 is driven by constant or a pin on an incomplete path
     *** display_inst/pattern_gen_initial/sub_990_add_2_add_5_5/C0 is driven by constant or a pin on an incomplete path
     *** display_inst/pattern_gen_initial/sub_990_add_2_add_5_5/C1 is driven by constant or a pin on an incomplete path
     *** display_inst/pattern_gen_initial/add_682_3/C1 is driven by constant or a pin on an incomplete path
     *** display_inst/pattern_gen_initial/add_315_add_5_5/B0 is driven by constant or a pin on an incomplete path
     *** display_inst/pattern_gen_initial/add_683_5/C1 is driven by constant or a pin on an incomplete path
     *** display_inst/pattern_gen_initial/add_683_3/C1 is driven by constant or a pin on an incomplete path
     *** display_inst/pattern_gen_initial/add_683_1/C1 is driven by constant or a pin on an incomplete path
     *** display_inst/pattern_gen_initial/mod_7_add_354_7/C0 is driven by constant or a pin on an incomplete path
     *** display_inst/pattern_gen_initial/mod_7_add_354_7/C1 is driven by constant or a pin on an incomplete path
     *** display_inst/pattern_gen_initial/add_682_1/C1 is driven by constant or a pin on an incomplete path
     *** display_inst/pattern_gen_initial/sub_990_add_2_add_5_3/C0 is driven by constant or a pin on an incomplete path
     *** display_inst/pattern_gen_initial/add_315_add_5_3/B0 is driven by constant or a pin on an incomplete path
     *** display_inst/pattern_gen_initial/add_315_add_5_3/B1 is driven by constant or a pin on an incomplete path
     *** display_inst/pattern_gen_initial/mod_7_add_354_5/C1 is driven by constant or a pin on an incomplete path
     *** display_inst/pattern_gen_initial/mod_7_add_354_3/C1 is driven by constant or a pin on an incomplete path
     *** display_inst/pattern_gen_initial/mod_7_add_354_1/C1 is driven by constant or a pin on an incomplete path
     *** display_inst/pattern_gen_initial/add_315_add_5_1/B1 is driven by constant or a pin on an incomplete path
     *** display_inst/pattern_gen_initial/mod_4_add_354_7/C0 is driven by constant or a pin on an incomplete path
     *** display_inst/pattern_gen_initial/mod_4_add_354_7/C1 is driven by constant or a pin on an incomplete path
     *** display_inst/pattern_gen_initial/add_697_5/C1 is driven by constant or a pin on an incomplete path
     *** display_inst/pattern_gen_initial/sub_988_add_2_add_5_3/C0 is driven by constant or a pin on an incomplete path
     *** display_inst/pattern_gen_initial/sub_988_add_2_add_5_3/C1 is driven by constant or a pin on an incomplete path
     *** display_inst/pattern_gen_initial/sub_990_add_2_add_5_1/C1 is driven by constant or a pin on an incomplete path
     *** display_inst/pattern_gen_initial/add_697_3/C1 is driven by constant or a pin on an incomplete path
     *** display_inst/pattern_gen_initial/sub_988_add_2_add_5_1/C1 is driven by constant or a pin on an incomplete path
     *** display_inst/vga_init/x_pos_321__i0/SP is driven by constant or a pin on an incomplete path
     *** display_inst/vga_init/x_pos_321__i1/SP is driven by constant or a pin on an incomplete path
     *** display_inst/vga_init/y_pos_320_add_4_1/B1 is driven by constant or a pin on an incomplete path
     *** display_inst/vga_init/x_pos_321__i2/SP is driven by constant or a pin on an incomplete path
     *** display_inst/vga_init/x_pos_321__i3/SP is driven by constant or a pin on an incomplete path
     *** display_inst/vga_init/x_pos_321__i4/SP is driven by constant or a pin on an incomplete path
     *** display_inst/vga_init/x_pos_321__i5/SP is driven by constant or a pin on an incomplete path
     *** display_inst/vga_init/x_pos_321__i6/SP is driven by constant or a pin on an incomplete path
     *** display_inst/vga_init/x_pos_321__i7/SP is driven by constant or a pin on an incomplete path
     *** display_inst/vga_init/x_pos_321__i8/SP is driven by constant or a pin on an incomplete path
     *** display_inst/vga_init/x_pos_321__i9/SP is driven by constant or a pin on an incomplete path
     *** display_inst/vga_init/HSYNC/SP is driven by constant or a pin on an incomplete path
     *** display_inst/vga_init/x_pos_321_add_4_1/B1 is driven by constant or a pin on an incomplete path
     *** display_inst/vga_init/valid_c/SP is driven by constant or a pin on an incomplete path
     *** display_inst/vga_init/VSYNC/SP is driven by constant or a pin on an incomplete path
     *** NES_inst/count_319_417__i1/SP is driven by constant or a pin on an incomplete path
     *** NES_inst/count_319_417__i2/SP is driven by constant or a pin on an incomplete path
     *** NES_inst/count_319_417_add_4_1/B1 is driven by constant or a pin on an incomplete path
     *** NES_inst/count_319_417__i3/SP is driven by constant or a pin on an incomplete path
     *** NES_inst/count_319_417__i4/SP is driven by constant or a pin on an incomplete path
     *** NES_inst/count_319_417__i5/SP is driven by constant or a pin on an incomplete path
     *** NES_inst/count_319_417__i6/SP is driven by constant or a pin on an incomplete path
     *** NES_inst/count_319_417__i7/SP is driven by constant or a pin on an incomplete path
     *** NES_inst/count_319_417__i8/SP is driven by constant or a pin on an incomplete path
     *** NES_inst/count_319_417__i9/SP is driven by constant or a pin on an incomplete path
     *** NES_inst/count_319_417__i10/SP is driven by constant or a pin on an incomplete path
     *** NES_inst/count_319_417__i11/SP is driven by constant or a pin on an incomplete path
     *** NES_inst/count_319_417__i12/SP is driven by constant or a pin on an incomplete path
     *** NES_inst/count_319_417__i13/SP is driven by constant or a pin on an incomplete path
     *** NES_inst/count_319_417__i14/SP is driven by constant or a pin on an incomplete path
     *** NES_inst/count_319_417__i15/SP is driven by constant or a pin on an incomplete path
     *** NES_inst/count_319_417__i16/SP is driven by constant or a pin on an incomplete path
     *** NES_inst/count_319_417__i17/SP is driven by constant or a pin on an incomplete path
     *** NES_inst/count_319_417__i18/SP is driven by constant or a pin on an incomplete path
     *** NES_inst/count_319_417__i19/SP is driven by constant or a pin on an incomplete path
     *** NES_inst/count_319_417__i20/SP is driven by constant or a pin on an incomplete path
     *** board_inst/button_i0_i3/SP is driven by constant or a pin on an incomplete path
     *** board_inst/apple_id_i0/SP is driven by constant or a pin on an incomplete path
     *** board_inst/apple_id_i5/SP is driven by constant or a pin on an incomplete path
     *** board_inst/apple_id_i2/SP is driven by constant or a pin on an incomplete path
     *** board_inst/apple_id_i6/SP is driven by constant or a pin on an incomplete path
     *** board_inst/apple_id_i8/SP is driven by constant or a pin on an incomplete path
     *** board_inst/game_State_i0/SP is driven by constant or a pin on an incomplete path
     *** pll_outcore_o_pad.bb_inst/T_N is driven by constant or a pin on an incomplete path
     *** continCLK_pad.bb_inst/T_N is driven by constant or a pin on an incomplete path
     *** latch_pad.bb_inst/T_N is driven by constant or a pin on an incomplete path
     *** rgb_pad[0].bb_inst/T_N is driven by constant or a pin on an incomplete path
     *** rgb_pad[1].bb_inst/T_N is driven by constant or a pin on an incomplete path
     *** rgb_pad[2].bb_inst/T_N is driven by constant or a pin on an incomplete path
     *** rgb_pad[3].bb_inst/T_N is driven by constant or a pin on an incomplete path
     *** rgb_pad[4].bb_inst/T_N is driven by constant or a pin on an incomplete path
     *** rgb_pad[5].bb_inst/T_N is driven by constant or a pin on an incomplete path
     *** delete_me_pad[0].bb_inst/T_N is driven by constant or a pin on an incomplete path
     *** delete_me_pad[1].bb_inst/T_N is driven by constant or a pin on an incomplete path
     *** delete_me_pad[2].bb_inst/T_N is driven by constant or a pin on an incomplete path
     *** VSYNC_pad.bb_inst/T_N is driven by constant or a pin on an incomplete path
     *** HSYNC_pad.bb_inst/T_N is driven by constant or a pin on an incomplete path
