SLICE/D1 input display_inst.pattern_gen_initial.SLICE_79 has no outgoing device arc
SLICE/CIN1 input display_inst.pattern_gen_initial.SLICE_79 has no outgoing device arc
     ** display_inst.pattern_gen_initial.SLICE_79/COUT0 is driving a pin on an incomplete path
SLICE/C0 input display_inst.pattern_gen_initial.SLICE_79is connected to a constant net
SLICE/B0 input display_inst.pattern_gen_initial.SLICE_79 is on an incomplete path
SLICE/CIN0 input display_inst.pattern_gen_initial.SLICE_79 is on an incomplete path
SLICE/COUT0 GND  display_inst.pattern_gen_initial.SLICE_83
     *** display_inst.pattern_gen_initial.SLICE_83/D1 is driven by constant or a pin on an incomplete path
     *** display_inst.pattern_gen_initial.SLICE_83/CIN1 is driven by constant or a pin on an incomplete path
SLICE/D1 input display_inst.pattern_gen_initial.SLICE_84 has no outgoing device arc
SLICE/CIN1 input display_inst.pattern_gen_initial.SLICE_84 has no outgoing device arc
     ** display_inst.pattern_gen_initial.SLICE_84/COUT0 is driving a pin on an incomplete path
SLICE/C0 input display_inst.pattern_gen_initial.SLICE_84is connected to a constant net
SLICE/B0 input display_inst.pattern_gen_initial.SLICE_84 is on an incomplete path
SLICE/CIN0 input display_inst.pattern_gen_initial.SLICE_84 is on an incomplete path
SLICE/D1 input display_inst.pattern_gen_initial.SLICE_85 has no outgoing device arc
SLICE/CIN1 input display_inst.pattern_gen_initial.SLICE_85 has no outgoing device arc
     ** display_inst.pattern_gen_initial.SLICE_85/COUT0 is driving a pin on an incomplete path
SLICE/C0 input display_inst.pattern_gen_initial.SLICE_85is connected to a constant net
SLICE/B0 input display_inst.pattern_gen_initial.SLICE_85 is on an incomplete path
SLICE/CIN0 input display_inst.pattern_gen_initial.SLICE_85 is on an incomplete path
SLICE/COUT0 GND  display_inst.pattern_gen_initial.SLICE_89
     *** display_inst.pattern_gen_initial.SLICE_89/D1 is driven by constant or a pin on an incomplete path
     *** display_inst.pattern_gen_initial.SLICE_89/CIN1 is driven by constant or a pin on an incomplete path
SLICE/D1 input display_inst.pattern_gen_initial.SLICE_90 has no outgoing device arc
SLICE/CIN1 input display_inst.pattern_gen_initial.SLICE_90 has no outgoing device arc
     ** display_inst.pattern_gen_initial.SLICE_90/COUT0 is driving a pin on an incomplete path
SLICE/C0 input display_inst.pattern_gen_initial.SLICE_90 is on an incomplete path
SLICE/CIN0 input display_inst.pattern_gen_initial.SLICE_90 is on an incomplete path
SLICE/COUT0 GND  display_inst.pattern_gen_initial.SLICE_77
     *** display_inst.pattern_gen_initial.SLICE_77/D1 is driven by constant or a pin on an incomplete path
     *** display_inst.pattern_gen_initial.SLICE_77/CIN1 is driven by constant or a pin on an incomplete path
SLICE/COUT0 GND  display_inst.pattern_gen_initial.SLICE_78
     *** display_inst.pattern_gen_initial.SLICE_78/D1 is driven by constant or a pin on an incomplete path
     *** display_inst.pattern_gen_initial.SLICE_78/CIN1 is driven by constant or a pin on an incomplete path
SLICE/COUT0 GND  display_inst.pattern_gen_initial.SLICE_95
     *** display_inst.pattern_gen_initial.SLICE_95/D1 is driven by constant or a pin on an incomplete path
     *** display_inst.pattern_gen_initial.SLICE_95/CIN1 is driven by constant or a pin on an incomplete path
SLICE/D1 input display_inst.pattern_gen_initial.SLICE_98 has no outgoing device arc
SLICE/CIN1 input display_inst.pattern_gen_initial.SLICE_98 has no outgoing device arc
     ** display_inst.pattern_gen_initial.SLICE_98/COUT0 is driving a pin on an incomplete path
SLICE/C0 input display_inst.pattern_gen_initial.SLICE_98 is on an incomplete path
SLICE/CIN0 input display_inst.pattern_gen_initial.SLICE_98 is on an incomplete path
SLICE/COUT0 GND  display_inst.pattern_gen_initial.SLICE_97
     *** display_inst.pattern_gen_initial.SLICE_97/D1 is driven by constant or a pin on an incomplete path
     *** display_inst.pattern_gen_initial.SLICE_97/CIN1 is driven by constant or a pin on an incomplete path
SLICE/COUT0 GND  display_inst.pattern_gen_initial.SLICE_69
     *** display_inst.pattern_gen_initial.SLICE_69/D1 is driven by constant or a pin on an incomplete path
     *** display_inst.pattern_gen_initial.SLICE_69/CIN1 is driven by constant or a pin on an incomplete path
SLICE/D1 input display_inst.pattern_gen_initial.SLICE_71 has no outgoing device arc
SLICE/CIN1 input display_inst.pattern_gen_initial.SLICE_71 has no outgoing device arc
     ** display_inst.pattern_gen_initial.SLICE_71/COUT0 is driving a pin on an incomplete path
SLICE/C0 input display_inst.pattern_gen_initial.SLICE_71 is on an incomplete path
SLICE/CIN0 input display_inst.pattern_gen_initial.SLICE_71 is on an incomplete path
SLICE/D1 input board_inst.snakePos_inst.SLICE_1 has no outgoing device arc
SLICE/CIN1 input board_inst.snakePos_inst.SLICE_1 has no outgoing device arc
     ** board_inst.snakePos_inst.SLICE_1/COUT0 is driving a pin on an incomplete path
SLICE/C0 input board_inst.snakePos_inst.SLICE_1 is on an incomplete path
SLICE/CIN0 input board_inst.snakePos_inst.SLICE_1 is on an incomplete path
SLICE/D1 input board_inst.snakePos_inst.SLICE_6 has no outgoing device arc
SLICE/CIN1 input board_inst.snakePos_inst.SLICE_6 has no outgoing device arc
     ** board_inst.snakePos_inst.SLICE_6/COUT0 is driving a pin on an incomplete path
SLICE/C0 input board_inst.snakePos_inst.SLICE_6is connected to a constant net
SLICE/CIN0 input board_inst.snakePos_inst.SLICE_6 is on an incomplete path
SLICE/COUT0 GND  board_inst.snakePos_inst.SLICE_18
     *** board_inst.snakePos_inst.SLICE_18/D1 is driven by constant or a pin on an incomplete path
     *** board_inst.snakePos_inst.SLICE_18/CIN1 is driven by constant or a pin on an incomplete path
SLICE/COUT0 GND  board_inst.snakePos_inst.SLICE_14
     *** board_inst.snakePos_inst.SLICE_14/D1 is driven by constant or a pin on an incomplete path
     *** board_inst.snakePos_inst.SLICE_14/CIN1 is driven by constant or a pin on an incomplete path
SLICE/CIN1 input board_inst.snakePos_inst.SLICE_15 has no outgoing device arc
SLICE/D1 input NES_inst.SLICE_21 has no outgoing device arc
SLICE/CIN1 input NES_inst.SLICE_21 has no outgoing device arc
     ** NES_inst.SLICE_21/COUT0 is driving a pin on an incomplete path
SLICE/C0 input NES_inst.SLICE_21 is on an incomplete path
SLICE/CIN0 input NES_inst.SLICE_21 is on an incomplete path
SLICE/COUT0 GND  board_inst.snakePos_inst.SLICE_20
     *** board_inst.snakePos_inst.SLICE_20/D1 is driven by constant or a pin on an incomplete path
     *** board_inst.snakePos_inst.SLICE_20/CIN1 is driven by constant or a pin on an incomplete path
SLICE/COUT0 GND  NES_inst.SLICE_31
     *** NES_inst.SLICE_31/D1 is driven by constant or a pin on an incomplete path
     *** NES_inst.SLICE_31/CIN1 is driven by constant or a pin on an incomplete path
SLICE/D1 input display_inst.vga_init.SLICE_32 has no outgoing device arc
SLICE/CIN1 input display_inst.vga_init.SLICE_32 has no outgoing device arc
     ** display_inst.vga_init.SLICE_32/COUT0 is driving a pin on an incomplete path
SLICE/C0 input display_inst.vga_init.SLICE_32 is on an incomplete path
SLICE/CIN0 input display_inst.vga_init.SLICE_32 is on an incomplete path
SLICE/COUT0 GND  display_inst.vga_init.SLICE_37
     *** display_inst.vga_init.SLICE_37/D1 is driven by constant or a pin on an incomplete path
     *** display_inst.vga_init.SLICE_37/CIN1 is driven by constant or a pin on an incomplete path
SLICE/D1 input display_inst.vga_init.SLICE_38 has no outgoing device arc
SLICE/CIN1 input display_inst.vga_init.SLICE_38 has no outgoing device arc
     ** display_inst.vga_init.SLICE_38/COUT0 is driving a pin on an incomplete path
SLICE/C0 input display_inst.vga_init.SLICE_38 is on an incomplete path
SLICE/CIN0 input display_inst.vga_init.SLICE_38 is on an incomplete path
SLICE/COUT0 GND  display_inst.vga_init.SLICE_43
     *** display_inst.vga_init.SLICE_43/D1 is driven by constant or a pin on an incomplete path
     *** display_inst.vga_init.SLICE_43/CIN1 is driven by constant or a pin on an incomplete path
SLICE/COUT0 GND  display_inst.pattern_gen_initial.SLICE_46
     *** display_inst.pattern_gen_initial.SLICE_46/D1 is driven by constant or a pin on an incomplete path
     *** display_inst.pattern_gen_initial.SLICE_46/CIN1 is driven by constant or a pin on an incomplete path
SLICE/D1 input display_inst.pattern_gen_initial.SLICE_47 has no outgoing device arc
SLICE/CIN1 input display_inst.pattern_gen_initial.SLICE_47 has no outgoing device arc
     ** display_inst.pattern_gen_initial.SLICE_47/COUT0 is driving a pin on an incomplete path
SLICE/C0 input display_inst.pattern_gen_initial.SLICE_47is connected to a constant net
SLICE/B0 input display_inst.pattern_gen_initial.SLICE_47 is on an incomplete path
SLICE/CIN0 input display_inst.pattern_gen_initial.SLICE_47 is on an incomplete path
SLICE/D1 input display_inst.pattern_gen_initial.SLICE_49 has no outgoing device arc
SLICE/CIN1 input display_inst.pattern_gen_initial.SLICE_49 has no outgoing device arc
     ** display_inst.pattern_gen_initial.SLICE_49/COUT0 is driving a pin on an incomplete path
SLICE/C0 input display_inst.pattern_gen_initial.SLICE_49 is on an incomplete path
SLICE/CIN0 input display_inst.pattern_gen_initial.SLICE_49 is on an incomplete path
SLICE/COUT0 GND  display_inst.pattern_gen_initial.SLICE_55
     *** display_inst.pattern_gen_initial.SLICE_55/D1 is driven by constant or a pin on an incomplete path
     *** display_inst.pattern_gen_initial.SLICE_55/CIN1 is driven by constant or a pin on an incomplete path
SLICE/COUT0 GND  display_inst.pattern_gen_initial.SLICE_52
     *** display_inst.pattern_gen_initial.SLICE_52/D1 is driven by constant or a pin on an incomplete path
     *** display_inst.pattern_gen_initial.SLICE_52/CIN1 is driven by constant or a pin on an incomplete path
SLICE/D1 input display_inst.pattern_gen_initial.SLICE_56 has no outgoing device arc
SLICE/CIN1 input display_inst.pattern_gen_initial.SLICE_56 has no outgoing device arc
     ** display_inst.pattern_gen_initial.SLICE_56/COUT0 is driving a pin on an incomplete path
SLICE/C0 input display_inst.pattern_gen_initial.SLICE_56 is on an incomplete path
SLICE/CIN0 input display_inst.pattern_gen_initial.SLICE_56 is on an incomplete path
SLICE/CIN1 input display_inst.pattern_gen_initial.SLICE_59 has no outgoing device arc
SLICE/COUT0 GND  display_inst.pattern_gen_initial.SLICE_60
     *** display_inst.pattern_gen_initial.SLICE_60/D1 is driven by constant or a pin on an incomplete path
     *** display_inst.pattern_gen_initial.SLICE_60/CIN1 is driven by constant or a pin on an incomplete path
SLICE/D1 input display_inst.pattern_gen_initial.SLICE_61 has no outgoing device arc
SLICE/CIN1 input display_inst.pattern_gen_initial.SLICE_61 has no outgoing device arc
     ** display_inst.pattern_gen_initial.SLICE_61/COUT0 is driving a pin on an incomplete path
SLICE/C0 input display_inst.pattern_gen_initial.SLICE_61 is on an incomplete path
SLICE/CIN0 input display_inst.pattern_gen_initial.SLICE_61 is on an incomplete path
     ** display_inst.pattern_gen_initial.mult_10/O7 is driving a pin on an incomplete path
SLICE/COUT0 GND  display_inst.pattern_gen_initial.SLICE_65
     *** display_inst.pattern_gen_initial.SLICE_65/D1 is driven by constant or a pin on an incomplete path
     *** display_inst.pattern_gen_initial.SLICE_65/CIN1 is driven by constant or a pin on an incomplete path
SLICE/D1 input display_inst.pattern_gen_initial.SLICE_66 has no outgoing device arc
SLICE/CIN1 input display_inst.pattern_gen_initial.SLICE_66 has no outgoing device arc
     ** display_inst.pattern_gen_initial.SLICE_66/COUT0 is driving a pin on an incomplete path
SLICE/C0 input display_inst.pattern_gen_initial.SLICE_66is connected to a constant net
SLICE/B0 input display_inst.pattern_gen_initial.SLICE_66 is on an incomplete path
SLICE/CIN0 input display_inst.pattern_gen_initial.SLICE_66 is on an incomplete path
SLICE/CIN1 input display_inst.pattern_gen_initial.SLICE_99 has no outgoing device arc
SLICE/COUT0 GND  display_inst.pattern_gen_initial.SLICE_104
     *** display_inst.pattern_gen_initial.SLICE_104/D1 is driven by constant or a pin on an incomplete path
     *** display_inst.pattern_gen_initial.SLICE_104/CIN1 is driven by constant or a pin on an incomplete path
SLICE/D1 input display_inst.pattern_gen_initial.SLICE_107 has no outgoing device arc
SLICE/CIN1 input display_inst.pattern_gen_initial.SLICE_107 has no outgoing device arc
     ** display_inst.pattern_gen_initial.SLICE_107/COUT0 is driving a pin on an incomplete path
SLICE/C0 input display_inst.pattern_gen_initial.SLICE_107is connected to a constant net
SLICE/B0 input display_inst.pattern_gen_initial.SLICE_107 is on an incomplete path
SLICE/CIN0 input display_inst.pattern_gen_initial.SLICE_107 is on an incomplete path
SLICE/COUT0 GND  display_inst.pattern_gen_initial.SLICE_106
     *** display_inst.pattern_gen_initial.SLICE_106/D1 is driven by constant or a pin on an incomplete path
     *** display_inst.pattern_gen_initial.SLICE_106/CIN1 is driven by constant or a pin on an incomplete path
SLICE/F0 GND  SLICE_614
     *** delete_me_pad[0].bb_inst/PADDO is driven by constant or a pin on an incomplete path
     *** delete_me_pad[1].bb_inst/PADDO is driven by constant or a pin on an incomplete path
     *** delete_me_pad[2].bb_inst/PADDO is driven by constant or a pin on an incomplete path
HFOSC/CLKHFPU input HSOSC_instis connected to a constant net
HFOSC/CLKHFEN input HSOSC_instis connected to a constant net
PLL/RESET_N input display_inst.pll_init.lscc_pll_inst.u_PLL_Bis connected to a constant net
PLL/INTFBOUT output  display_inst.pll_init.lscc_pll_inst.u_PLL_B has no incoming device arc
     *** display_inst.pll_init.lscc_pll_inst.u_PLL_B/FEEDBACK is driven by constant or a pin on an incomplete path
SLICE/F0 VCC  SLICE_633
     *** board_inst.snakePos_inst.SLICE_0/C1 is driven by constant or a pin on an incomplete path
     *** board_inst.snakePos_inst.SLICE_0/C0 is driven by constant or a pin on an incomplete path
     *** board_inst.snakePos_inst.SLICE_14/B1 is driven by constant or a pin on an incomplete path
     *** board_inst.snakePos_inst.SLICE_15/C1 is driven by constant or a pin on an incomplete path
     *** board_inst.snakePos_inst.SLICE_15/C0 is driven by constant or a pin on an incomplete path
     *** board_inst.snakePos_inst.SLICE_16/C1 is driven by constant or a pin on an incomplete path
     *** board_inst.snakePos_inst.SLICE_16/C0 is driven by constant or a pin on an incomplete path
     *** board_inst.snakePos_inst.SLICE_17/C1 is driven by constant or a pin on an incomplete path
     *** board_inst.snakePos_inst.SLICE_17/C0 is driven by constant or a pin on an incomplete path
     *** board_inst.snakePos_inst.SLICE_18/C1 is driven by constant or a pin on an incomplete path
     *** board_inst.snakePos_inst.SLICE_19/C0 is driven by constant or a pin on an incomplete path
     *** board_inst.snakePos_inst.SLICE_20/C1 is driven by constant or a pin on an incomplete path
     *** NES_inst.SLICE_31/B1 is driven by constant or a pin on an incomplete path
     *** display_inst.vga_init.SLICE_37/B1 is driven by constant or a pin on an incomplete path
     *** display_inst.vga_init.SLICE_43/B1 is driven by constant or a pin on an incomplete path
     *** display_inst.pattern_gen_initial.SLICE_44/C1 is driven by constant or a pin on an incomplete path
     *** display_inst.pattern_gen_initial.SLICE_45/C1 is driven by constant or a pin on an incomplete path
     *** display_inst.pattern_gen_initial.SLICE_46/C1 is driven by constant or a pin on an incomplete path
     *** display_inst.pattern_gen_initial.SLICE_48/C1 is driven by constant or a pin on an incomplete path
     *** display_inst.pattern_gen_initial.SLICE_50/C1 is driven by constant or a pin on an incomplete path
     *** display_inst.pattern_gen_initial.SLICE_52/C1 is driven by constant or a pin on an incomplete path
     *** display_inst.pattern_gen_initial.SLICE_54/B1 is driven by constant or a pin on an incomplete path
     *** display_inst.pattern_gen_initial.SLICE_54/B0 is driven by constant or a pin on an incomplete path
     *** display_inst.pattern_gen_initial.SLICE_55/B1 is driven by constant or a pin on an incomplete path
     *** display_inst.pattern_gen_initial.SLICE_58/B1 is driven by constant or a pin on an incomplete path
     *** display_inst.pattern_gen_initial.SLICE_58/B0 is driven by constant or a pin on an incomplete path
     *** display_inst.pattern_gen_initial.SLICE_59/C1 is driven by constant or a pin on an incomplete path
     *** display_inst.pattern_gen_initial.SLICE_59/C0 is driven by constant or a pin on an incomplete path
     *** display_inst.pattern_gen_initial.SLICE_60/B1 is driven by constant or a pin on an incomplete path
     *** display_inst.pattern_gen_initial.SLICE_63/C1 is driven by constant or a pin on an incomplete path
     *** display_inst.pattern_gen_initial.SLICE_64/C1 is driven by constant or a pin on an incomplete path
     *** display_inst.pattern_gen_initial.SLICE_65/C1 is driven by constant or a pin on an incomplete path
     *** display_inst.pattern_gen_initial.SLICE_67/B0 is driven by constant or a pin on an incomplete path
     *** display_inst.pattern_gen_initial.SLICE_68/B1 is driven by constant or a pin on an incomplete path
     *** display_inst.pattern_gen_initial.SLICE_68/B0 is driven by constant or a pin on an incomplete path
     *** display_inst.pattern_gen_initial.SLICE_69/B1 is driven by constant or a pin on an incomplete path
     *** display_inst.pattern_gen_initial.SLICE_70/C1 is driven by constant or a pin on an incomplete path
     *** display_inst.pattern_gen_initial.SLICE_70/C0 is driven by constant or a pin on an incomplete path
     *** display_inst.pattern_gen_initial.SLICE_72/C1 is driven by constant or a pin on an incomplete path
     *** display_inst.pattern_gen_initial.SLICE_74/C1 is driven by constant or a pin on an incomplete path
     *** display_inst.pattern_gen_initial.SLICE_76/B1 is driven by constant or a pin on an incomplete path
     *** display_inst.pattern_gen_initial.SLICE_77/B1 is driven by constant or a pin on an incomplete path
     *** display_inst.pattern_gen_initial.SLICE_78/C1 is driven by constant or a pin on an incomplete path
     *** display_inst.pattern_gen_initial.SLICE_80/C1 is driven by constant or a pin on an incomplete path
     *** display_inst.pattern_gen_initial.SLICE_80/C0 is driven by constant or a pin on an incomplete path
     *** display_inst.pattern_gen_initial.SLICE_82/C1 is driven by constant or a pin on an incomplete path
     *** display_inst.pattern_gen_initial.SLICE_82/C0 is driven by constant or a pin on an incomplete path
     *** display_inst.pattern_gen_initial.SLICE_83/C1 is driven by constant or a pin on an incomplete path
     *** display_inst.pattern_gen_initial.SLICE_86/C1 is driven by constant or a pin on an incomplete path
     *** display_inst.pattern_gen_initial.SLICE_86/C0 is driven by constant or a pin on an incomplete path
     *** display_inst.pattern_gen_initial.SLICE_87/C1 is driven by constant or a pin on an incomplete path
     *** display_inst.pattern_gen_initial.SLICE_87/C0 is driven by constant or a pin on an incomplete path
     *** display_inst.pattern_gen_initial.SLICE_88/C0 is driven by constant or a pin on an incomplete path
     *** display_inst.pattern_gen_initial.SLICE_89/C1 is driven by constant or a pin on an incomplete path
     *** display_inst.pattern_gen_initial.SLICE_91/C1 is driven by constant or a pin on an incomplete path
     *** display_inst.pattern_gen_initial.SLICE_93/C1 is driven by constant or a pin on an incomplete path
     *** display_inst.pattern_gen_initial.SLICE_94/B1 is driven by constant or a pin on an incomplete path
     *** display_inst.pattern_gen_initial.SLICE_94/B0 is driven by constant or a pin on an incomplete path
     *** display_inst.pattern_gen_initial.SLICE_95/C1 is driven by constant or a pin on an incomplete path
     *** display_inst.pattern_gen_initial.SLICE_97/B1 is driven by constant or a pin on an incomplete path
     *** display_inst.pattern_gen_initial.SLICE_99/C1 is driven by constant or a pin on an incomplete path
     *** display_inst.pattern_gen_initial.SLICE_99/C0 is driven by constant or a pin on an incomplete path
     *** display_inst.pattern_gen_initial.SLICE_100/B0 is driven by constant or a pin on an incomplete path
     *** display_inst.pattern_gen_initial.SLICE_102/C1 is driven by constant or a pin on an incomplete path
     *** display_inst.pattern_gen_initial.SLICE_103/B0 is driven by constant or a pin on an incomplete path
     *** display_inst.pattern_gen_initial.SLICE_104/B1 is driven by constant or a pin on an incomplete path
     *** display_inst.pattern_gen_initial.SLICE_105/C1 is driven by constant or a pin on an incomplete path
     *** display_inst.pattern_gen_initial.SLICE_106/C1 is driven by constant or a pin on an incomplete path
     *** display_inst.pattern_gen_initial.SLICE_108/C1 is driven by constant or a pin on an incomplete path
     *** display_inst.pattern_gen_initial.SLICE_108/C0 is driven by constant or a pin on an incomplete path
     *** display_inst.pattern_gen_initial.mult_10/A3 is driven by constant or a pin on an incomplete path
     *** display_inst.pattern_gen_initial.mult_10/A1 is driven by constant or a pin on an incomplete path
     *** display_inst.pattern_gen_initial.mult_10/A0 is driven by constant or a pin on an incomplete path
     *** display_inst.pattern_gen_initial.mult_9/A3 is driven by constant or a pin on an incomplete path
     *** display_inst.pattern_gen_initial.mult_9/A1 is driven by constant or a pin on an incomplete path
     *** display_inst.pattern_gen_initial.mult_9/A0 is driven by constant or a pin on an incomplete path
