synthesis:  version Radiant Software (64-bit) 3.2.1.217.3

Copyright (c) 1991-1994 by NeoCAD Inc. All rights reserved.
Copyright (c) 1995 AT&T Corp.   All rights reserved.
Copyright (c) 1995-2001 Lucent Technologies Inc.  All rights reserved.
Copyright (c) 2001 Agere Systems   All rights reserved.
Copyright (c) 2002-2022 Lattice Semiconductor Corporation,  All rights reserved.
Wed Dec  7 22:55:23 2022


Command Line:  C:\lscc\radiant\3.2\ispfpga\bin\nt64\synthesis.exe -f es4finalproj_impl_1_lattice.synproj -gui -msgset C:/Users/gsess/OneDrive/Documents/es4_final_proj/ES4_Snake/promote.xml 

Synthesis options:
The -a option is iCE40UP.
The -t option is SG48.
The -sp option is High-Performance_1.2V.
The -p option is iCE40UP5K.
                                                          


##########################################################


### Lattice Family     : iCE40UP


### Device             : iCE40UP5K


### Package            : SG48


### Performance Grade  : High-Performance_1.2V


                                                         


INFO - synthesis: User-Selected Strategy Settings
Optimization goal = Area
Top-level module name = top.
Target frequency = 200.000000 MHz.
Maximum fanout = 1000.
Timing path count = 3
RWCheckOnRam = 0

BRAM utilization = 100.000000 %
DSP usage = true
DSP utilization = 100.000000 %
fsm_encoding_style = auto
resolve_mixed_drivers = 0
fix_gated_clocks = 1


Mux style = auto (Default)
Use Carry Chain = true
carry_chain_length = 0
Loop Limit = 1950.
Use IO Insertion = TRUE
Use IO Reg = AUTO

Resource Sharing = TRUE
Propagate Constants = TRUE
Remove Duplicate Registers = TRUE
Output HDL file name = es4finalproj_impl_1.vm.
ROM style = auto
RAM style = auto
The -comp option is FALSE.
The -syn option is FALSE.
-sdc option: SDC file input is es4finalproj_impl_1_cpe.ldc.
-vh2008

-path C:/Users/gsess/OneDrive/Documents/es4_final_proj/ES4_Snake (searchpath added)
-path C:/Users/gsess/OneDrive/Documents/es4_final_proj/ES4_Snake/impl_1 (searchpath added)
-path C:/Users/gsess/OneDrive/Documents/es4_final_proj/ES4_Snake/mypll (searchpath added)
-path C:/lscc/radiant/3.2/ispfpga/ice40tp/data (searchpath added)
Mixed language design
Verilog design file = C:/lscc/radiant/3.2/ip/pmi/pmi_iCE40UP.v
Verilog design file = C:/Users/gsess/OneDrive/Documents/es4_final_proj/ES4_Snake/mypll/rtl/mypll.v
VHDL library = pmi
VHDL design file = C:/lscc/radiant/3.2/ip/pmi/pmi_iCE40UP.vhd
VHDL library = work
VHDL design file = C:/Users/gsess/OneDrive/Documents/es4_final_proj/ES4_Snake/source/impl_1/display.vhd
VHDL library = work
VHDL design file = C:/Users/gsess/OneDrive/Documents/es4_final_proj/ES4_Snake/source/impl_1/nes.vhd
VHDL library = work
VHDL design file = C:/Users/gsess/OneDrive/Documents/es4_final_proj/ES4_Snake/source/impl_1/pattern_gen.vhd
VHDL library = work
VHDL design file = C:/Users/gsess/OneDrive/Documents/es4_final_proj/ES4_Snake/source/impl_1/randomPos.vhd
VHDL library = work
VHDL design file = C:/Users/gsess/OneDrive/Documents/es4_final_proj/ES4_Snake/source/impl_1/topModule.vhd
VHDL library = work
VHDL design file = C:/Users/gsess/OneDrive/Documents/es4_final_proj/ES4_Snake/source/impl_1/vga.vhd
VHDL library = work
VHDL design file = C:/Users/gsess/OneDrive/Documents/es4_final_proj/ES4_Snake/source/impl_1/snakePos.vhd
VHDL library = work
VHDL design file = C:/Users/gsess/OneDrive/Documents/es4_final_proj/ES4_Snake/source/impl_1/board.vhd
The -r option is OFF. [ Remove LOC Properties is OFF. ]
Compile design.
Compile Design Begin
Analyzing Verilog file c:/lscc/radiant/3.2/ip/pmi/pmi_ice40up.v. VERI-1482
INFO - synthesis: c:/lscc/radiant/3.2/ip/pmi/pmi_ice40up.v(1): analyzing included file c:/lscc/radiant/3.2/ip/pmi/pmi_addsub.v. VERI-1328
INFO - synthesis: c:/lscc/radiant/3.2/ip/pmi/pmi_addsub.v(40): analyzing included file c:/lscc/radiant/3.2/ip/pmi/../common/adder_subtractor/rtl/lscc_add_sub.v. VERI-1328
INFO - synthesis: c:/lscc/radiant/3.2/ip/pmi/pmi_ice40up.v(2): analyzing included file c:/lscc/radiant/3.2/ip/pmi/pmi_add.v. VERI-1328
INFO - synthesis: c:/lscc/radiant/3.2/ip/pmi/pmi_add.v(50): analyzing included file c:/lscc/radiant/3.2/ip/pmi/../common/adder/rtl/lscc_adder.v. VERI-1328
INFO - synthesis: c:/lscc/radiant/3.2/ip/pmi/pmi_ice40up.v(3): analyzing included file c:/lscc/radiant/3.2/ip/pmi/pmi_complex_mult.v. VERI-1328
INFO - synthesis: c:/lscc/radiant/3.2/ip/pmi/pmi_complex_mult.v(52): analyzing included file c:/lscc/radiant/3.2/ip/pmi/../common/complex_mult/rtl/lscc_complex_mult.v. VERI-1328
INFO - synthesis: c:/lscc/radiant/3.2/ip/pmi/pmi_ice40up.v(4): analyzing included file c:/lscc/radiant/3.2/ip/pmi/pmi_counter.v. VERI-1328
INFO - synthesis: c:/lscc/radiant/3.2/ip/pmi/pmi_counter.v(39): analyzing included file c:/lscc/radiant/3.2/ip/pmi/../common/counter/rtl/lscc_cntr.v. VERI-1328
INFO - synthesis: c:/lscc/radiant/3.2/ip/pmi/pmi_ice40up.v(5): analyzing included file c:/lscc/radiant/3.2/ip/pmi/pmi_fifo.v. VERI-1328
INFO - synthesis: c:/lscc/radiant/3.2/ip/pmi/pmi_fifo.v(44): analyzing included file c:/lscc/radiant/3.2/ip/pmi/../avant/fifo/rtl/lscc_fifo.v. VERI-1328
INFO - synthesis: c:/lscc/radiant/3.2/ip/pmi/pmi_ice40up.v(6): analyzing included file c:/lscc/radiant/3.2/ip/pmi/pmi_fifo_dc.v. VERI-1328
INFO - synthesis: c:/lscc/radiant/3.2/ip/pmi/pmi_fifo_dc.v(47): analyzing included file c:/lscc/radiant/3.2/ip/pmi/../avant/fifo_dc/rtl/lscc_fifo_dc.v. VERI-1328
INFO - synthesis: c:/lscc/radiant/3.2/ip/pmi/pmi_ice40up.v(7): analyzing included file c:/lscc/radiant/3.2/ip/pmi/pmi_mac.v. VERI-1328
INFO - synthesis: c:/lscc/radiant/3.2/ip/pmi/pmi_mac.v(52): analyzing included file c:/lscc/radiant/3.2/ip/pmi/../common/mult_accumulate/rtl/lscc_mult_accumulate.v. VERI-1328
INFO - synthesis: c:/lscc/radiant/3.2/ip/pmi/pmi_ice40up.v(8): analyzing included file c:/lscc/radiant/3.2/ip/pmi/pmi_multaddsubsum.v. VERI-1328
INFO - synthesis: c:/lscc/radiant/3.2/ip/pmi/pmi_multaddsubsum.v(53): analyzing included file c:/lscc/radiant/3.2/ip/pmi/../common/mult_add_sub_sum/rtl/lscc_mult_add_sub_sum.v. VERI-1328
INFO - synthesis: c:/lscc/radiant/3.2/ip/pmi/pmi_ice40up.v(9): analyzing included file c:/lscc/radiant/3.2/ip/pmi/pmi_multaddsub.v. VERI-1328
INFO - synthesis: c:/lscc/radiant/3.2/ip/pmi/pmi_multaddsub.v(52): analyzing included file c:/lscc/radiant/3.2/ip/pmi/../common/mult_add_sub/rtl/lscc_mult_add_sub.v. VERI-1328
INFO - synthesis: c:/lscc/radiant/3.2/ip/pmi/pmi_ice40up.v(10): analyzing included file c:/lscc/radiant/3.2/ip/pmi/pmi_mult.v. VERI-1328
INFO - synthesis: c:/lscc/radiant/3.2/ip/pmi/pmi_mult.v(51): analyzing included file c:/lscc/radiant/3.2/ip/pmi/../common/multiplier/rtl/lscc_multiplier.v. VERI-1328
INFO - synthesis: c:/lscc/radiant/3.2/ip/pmi/pmi_ice40up.v(11): analyzing included file c:/lscc/radiant/3.2/ip/pmi/pmi_ram_dp.v. VERI-1328
INFO - synthesis: c:/lscc/radiant/3.2/ip/pmi/pmi_ram_dp.v(48): analyzing included file c:/lscc/radiant/3.2/ip/pmi/../avant/ram_dp/rtl/lscc_ram_dp.v. VERI-1328
INFO - synthesis: c:/lscc/radiant/3.2/ip/pmi/pmi_ice40up.v(12): analyzing included file c:/lscc/radiant/3.2/ip/pmi/pmi_ram_dq.v. VERI-1328
INFO - synthesis: c:/lscc/radiant/3.2/ip/pmi/pmi_ram_dq.v(45): analyzing included file c:/lscc/radiant/3.2/ip/pmi/../avant/ram_dq/rtl/lscc_ram_dq.v. VERI-1328
INFO - synthesis: c:/lscc/radiant/3.2/ip/pmi/pmi_ice40up.v(13): analyzing included file c:/lscc/radiant/3.2/ip/pmi/pmi_rom.v. VERI-1328
INFO - synthesis: c:/lscc/radiant/3.2/ip/pmi/pmi_rom.v(45): analyzing included file c:/lscc/radiant/3.2/ip/pmi/../avant/rom/rtl/lscc_rom.v. VERI-1328
INFO - synthesis: c:/lscc/radiant/3.2/ip/pmi/pmi_ice40up.v(14): analyzing included file c:/lscc/radiant/3.2/ip/pmi/pmi_sub.v. VERI-1328
INFO - synthesis: c:/lscc/radiant/3.2/ip/pmi/pmi_sub.v(50): analyzing included file c:/lscc/radiant/3.2/ip/pmi/../common/subtractor/rtl/lscc_subtractor.v. VERI-1328
INFO - synthesis: c:/lscc/radiant/3.2/ip/pmi/pmi_ice40up.v(15): analyzing included file c:/lscc/radiant/3.2/ip/pmi/pmi_ram_dp_be.v. VERI-1328
INFO - synthesis: c:/lscc/radiant/3.2/ip/pmi/pmi_ram_dp_be.v(49): analyzing included file c:/lscc/radiant/3.2/ip/pmi/../avant/ram_dp/rtl/lscc_ram_dp.v. VERI-1328
INFO - synthesis: c:/lscc/radiant/3.2/ip/pmi/pmi_ice40up.v(16): analyzing included file c:/lscc/radiant/3.2/ip/pmi/pmi_ram_dq_be.v. VERI-1328
INFO - synthesis: c:/lscc/radiant/3.2/ip/pmi/pmi_ram_dq_be.v(45): analyzing included file c:/lscc/radiant/3.2/ip/pmi/../avant/ram_dq/rtl/lscc_ram_dq.v. VERI-1328
INFO - synthesis: c:/lscc/radiant/3.2/ip/pmi/pmi_ice40up.v(17): analyzing included file c:/lscc/radiant/3.2/ip/pmi/pmi_dsp.v. VERI-1328
Analyzing Verilog file c:/users/gsess/onedrive/documents/es4_final_proj/es4_snake/mypll/rtl/mypll.v. VERI-1482
Analyzing VHDL file c:/lscc/radiant/3.2/ip/pmi/pmi_ice40up.vhd. VHDL-1481
Analyzing VHDL file c:/lscc/radiant/3.2/ip/pmi/pmi_ice40up.vhd

INFO - synthesis: c:/lscc/radiant/3.2/ip/pmi/pmi_ice40up.vhd(4): analyzing package components. VHDL-1014
Analyzing VHDL file c:/users/gsess/onedrive/documents/es4_final_proj/es4_snake/source/impl_1/display.vhd. VHDL-1481
Analyzing VHDL file c:/users/gsess/onedrive/documents/es4_final_proj/es4_snake/source/impl_1/display.vhd

INFO - synthesis: c:/users/gsess/onedrive/documents/es4_final_proj/es4_snake/source/impl_1/display.vhd(5): analyzing entity display. VHDL-1012
INFO - synthesis: c:/users/gsess/onedrive/documents/es4_final_proj/es4_snake/source/impl_1/display.vhd(21): analyzing architecture synth. VHDL-1010
Analyzing VHDL file c:/users/gsess/onedrive/documents/es4_final_proj/es4_snake/source/impl_1/nes.vhd. VHDL-1481
Analyzing VHDL file c:/users/gsess/onedrive/documents/es4_final_proj/es4_snake/source/impl_1/nes.vhd

INFO - synthesis: c:/users/gsess/onedrive/documents/es4_final_proj/es4_snake/source/impl_1/nes.vhd(7): analyzing entity nes. VHDL-1012
INFO - synthesis: c:/users/gsess/onedrive/documents/es4_final_proj/es4_snake/source/impl_1/nes.vhd(20): analyzing architecture synth. VHDL-1010
Analyzing VHDL file c:/users/gsess/onedrive/documents/es4_final_proj/es4_snake/source/impl_1/pattern_gen.vhd. VHDL-1481
Analyzing VHDL file c:/users/gsess/onedrive/documents/es4_final_proj/es4_snake/source/impl_1/pattern_gen.vhd

INFO - synthesis: c:/users/gsess/onedrive/documents/es4_final_proj/es4_snake/source/impl_1/pattern_gen.vhd(6): analyzing entity pattern_gen. VHDL-1012
INFO - synthesis: c:/users/gsess/onedrive/documents/es4_final_proj/es4_snake/source/impl_1/pattern_gen.vhd(44): analyzing architecture synth. VHDL-1010
Analyzing VHDL file c:/users/gsess/onedrive/documents/es4_final_proj/es4_snake/source/impl_1/randompos.vhd. VHDL-1481
Analyzing VHDL file c:/users/gsess/onedrive/documents/es4_final_proj/es4_snake/source/impl_1/randompos.vhd

INFO - synthesis: c:/users/gsess/onedrive/documents/es4_final_proj/es4_snake/source/impl_1/randompos.vhd(8): analyzing entity randompos. VHDL-1012
INFO - synthesis: c:/users/gsess/onedrive/documents/es4_final_proj/es4_snake/source/impl_1/randompos.vhd(16): analyzing architecture synth. VHDL-1010
INFO - synthesis: c:/users/gsess/onedrive/documents/es4_final_proj/es4_snake/source/impl_1/randompos.vhd(28): input pin size_res has no actual or default value. VHDL-9000
INFO - synthesis: C:/lscc/radiant/3.2/ispfpga/vhdl_packages/vh2008/ieee/numeric_std_2008.vhd(1155): size_res is declared here. VHDL-1259
Analyzing VHDL file c:/users/gsess/onedrive/documents/es4_final_proj/es4_snake/source/impl_1/topmodule.vhd. VHDL-1481
Analyzing VHDL file c:/users/gsess/onedrive/documents/es4_final_proj/es4_snake/source/impl_1/topmodule.vhd

INFO - synthesis: c:/users/gsess/onedrive/documents/es4_final_proj/es4_snake/source/impl_1/topmodule.vhd(5): analyzing entity top. VHDL-1012
INFO - synthesis: c:/users/gsess/onedrive/documents/es4_final_proj/es4_snake/source/impl_1/topmodule.vhd(26): analyzing architecture synth. VHDL-1010
Analyzing VHDL file c:/users/gsess/onedrive/documents/es4_final_proj/es4_snake/source/impl_1/vga.vhd. VHDL-1481
Analyzing VHDL file c:/users/gsess/onedrive/documents/es4_final_proj/es4_snake/source/impl_1/vga.vhd

INFO - synthesis: c:/users/gsess/onedrive/documents/es4_final_proj/es4_snake/source/impl_1/vga.vhd(5): analyzing entity vga. VHDL-1012
INFO - synthesis: c:/users/gsess/onedrive/documents/es4_final_proj/es4_snake/source/impl_1/vga.vhd(19): analyzing architecture synth. VHDL-1010
Analyzing VHDL file c:/users/gsess/onedrive/documents/es4_final_proj/es4_snake/source/impl_1/snakepos.vhd. VHDL-1481
Analyzing VHDL file c:/users/gsess/onedrive/documents/es4_final_proj/es4_snake/source/impl_1/snakepos.vhd

INFO - synthesis: c:/users/gsess/onedrive/documents/es4_final_proj/es4_snake/source/impl_1/snakepos.vhd(8): analyzing entity snakepos. VHDL-1012
INFO - synthesis: c:/users/gsess/onedrive/documents/es4_final_proj/es4_snake/source/impl_1/snakepos.vhd(35): analyzing architecture synth. VHDL-1010
Analyzing VHDL file c:/users/gsess/onedrive/documents/es4_final_proj/es4_snake/source/impl_1/board.vhd. VHDL-1481
Analyzing VHDL file c:/users/gsess/onedrive/documents/es4_final_proj/es4_snake/source/impl_1/board.vhd

INFO - synthesis: c:/users/gsess/onedrive/documents/es4_final_proj/es4_snake/source/impl_1/board.vhd(6): analyzing entity board. VHDL-1012
INFO - synthesis: c:/users/gsess/onedrive/documents/es4_final_proj/es4_snake/source/impl_1/board.vhd(20): analyzing architecture synth. VHDL-1010
INFO - synthesis: The default VHDL library search path is now "C:/Users/gsess/OneDrive/Documents/es4_final_proj/ES4_Snake/impl_1". VHDL-1504
Top module language type = VHDL.
Top module name (VHDL, mixed language): top
                                                         


### Number of Logic Cells: 5280


### Number of RAM Blocks: 30


### Number of DSP Blocks: 8


### Number of PLLs: 1


### Number of IO Pins: 56


##########################################################


                                                         


WARNING - synthesis: Initial value found on net snake_head[6] will be ignored due to unrecognized driver type
WARNING - synthesis: Initial value found on net snake_head[5] will be ignored due to unrecognized driver type
WARNING - synthesis: Initial value found on net snake_head[4] will be ignored due to unrecognized driver type
WARNING - synthesis: Initial value found on net snake_head[3] will be ignored due to unrecognized driver type
WARNING - synthesis: Initial value found on net snake_head[2] will be ignored due to unrecognized driver type
WARNING - synthesis: Initial value found on net snake_head[1] will be ignored due to unrecognized driver type
WARNING - synthesis: Initial value found on net snake_head[0] will be ignored due to unrecognized driver type
WARNING - synthesis: Initial value found on net snake_arr[99] will be ignored due to unrecognized driver type
WARNING - synthesis: Initial value found on net snake_arr[98] will be ignored due to unrecognized driver type
WARNING - synthesis: Initial value found on net snake_arr[97] will be ignored due to unrecognized driver type
WARNING - synthesis: Initial value found on net snake_arr[96] will be ignored due to unrecognized driver type
WARNING - synthesis: Initial value found on net snake_arr[95] will be ignored due to unrecognized driver type
WARNING - synthesis: Initial value found on net snake_arr[94] will be ignored due to unrecognized driver type
WARNING - synthesis: Initial value found on net snake_arr[93] will be ignored due to unrecognized driver type
WARNING - synthesis: Initial value found on net snake_arr[92] will be ignored due to unrecognized driver type
WARNING - synthesis: Initial value found on net snake_arr[91] will be ignored due to unrecognized driver type
WARNING - synthesis: Initial value found on net snake_arr[90] will be ignored due to unrecognized driver type
WARNING - synthesis: Initial value found on net snake_arr[89] will be ignored due to unrecognized driver type
WARNING - synthesis: Initial value found on net snake_arr[88] will be ignored due to unrecognized driver type
WARNING - synthesis: Initial value found on net snake_arr[87] will be ignored due to unrecognized driver type
WARNING - synthesis: Initial value found on net snake_arr[86] will be ignored due to unrecognized driver type
WARNING - synthesis: Initial value found on net snake_arr[85] will be ignored due to unrecognized driver type
WARNING - synthesis: Initial value found on net snake_arr[84] will be ignored due to unrecognized driver type
WARNING - synthesis: Initial value found on net snake_arr[83] will be ignored due to unrecognized driver type
WARNING - synthesis: Initial value found on net snake_arr[82] will be ignored due to unrecognized driver type
WARNING - synthesis: Initial value found on net snake_arr[81] will be ignored due to unrecognized driver type
WARNING - synthesis: Initial value found on net snake_arr[80] will be ignored due to unrecognized driver type
WARNING - synthesis: Initial value found on net snake_arr[79] will be ignored due to unrecognized driver type
WARNING - synthesis: Initial value found on net snake_arr[78] will be ignored due to unrecognized driver type
WARNING - synthesis: Initial value found on net snake_arr[77] will be ignored due to unrecognized driver type
WARNING - synthesis: Initial value found on net snake_arr[76] will be ignored due to unrecognized driver type
WARNING - synthesis: Initial value found on net snake_arr[75] will be ignored due to unrecognized driver type
WARNING - synthesis: Initial value found on net snake_arr[74] will be ignored due to unrecognized driver type
WARNING - synthesis: Initial value found on net snake_arr[73] will be ignored due to unrecognized driver type
WARNING - synthesis: Initial value found on net snake_arr[72] will be ignored due to unrecognized driver type
WARNING - synthesis: Initial value found on net snake_arr[71] will be ignored due to unrecognized driver type
WARNING - synthesis: Initial value found on net snake_arr[70] will be ignored due to unrecognized driver type
WARNING - synthesis: Initial value found on net snake_arr[69] will be ignored due to unrecognized driver type
WARNING - synthesis: Initial value found on net snake_arr[68] will be ignored due to unrecognized driver type
WARNING - synthesis: Initial value found on net snake_arr[67] will be ignored due to unrecognized driver type
WARNING - synthesis: Initial value found on net snake_arr[66] will be ignored due to unrecognized driver type
WARNING - synthesis: Initial value found on net snake_arr[65] will be ignored due to unrecognized driver type
WARNING - synthesis: Initial value found on net snake_arr[64] will be ignored due to unrecognized driver type
WARNING - synthesis: Initial value found on net snake_arr[63] will be ignored due to unrecognized driver type
WARNING - synthesis: Initial value found on net snake_arr[62] will be ignored due to unrecognized driver type
WARNING - synthesis: Initial value found on net snake_arr[61] will be ignored due to unrecognized driver type
WARNING - synthesis: Initial value found on net snake_arr[60] will be ignored due to unrecognized driver type
WARNING - synthesis: Initial value found on net snake_arr[59] will be ignored due to unrecognized driver type
WARNING - synthesis: Initial value found on net snake_arr[58] will be ignored due to unrecognized driver type
WARNING - synthesis: Initial value found on net snake_arr[57] will be ignored due to unrecognized driver type
WARNING - synthesis: Initial value found on net snake_arr[56] will be ignored due to unrecognized driver type
WARNING - synthesis: Initial value found on net snake_arr[55] will be ignored due to unrecognized driver type
WARNING - synthesis: Initial value found on net snake_arr[54] will be ignored due to unrecognized driver type
WARNING - synthesis: Initial value found on net snake_arr[53] will be ignored due to unrecognized driver type
WARNING - synthesis: Initial value found on net snake_arr[52] will be ignored due to unrecognized driver type
WARNING - synthesis: Initial value found on net snake_arr[51] will be ignored due to unrecognized driver type
WARNING - synthesis: Initial value found on net snake_arr[50] will be ignored due to unrecognized driver type
WARNING - synthesis: Initial value found on net snake_arr[49] will be ignored due to unrecognized driver type
WARNING - synthesis: Initial value found on net snake_arr[48] will be ignored due to unrecognized driver type
WARNING - synthesis: Initial value found on net snake_arr[47] will be ignored due to unrecognized driver type
WARNING - synthesis: Initial value found on net snake_arr[46] will be ignored due to unrecognized driver type
WARNING - synthesis: Initial value found on net snake_arr[45] will be ignored due to unrecognized driver type
WARNING - synthesis: Initial value found on net snake_arr[44] will be ignored due to unrecognized driver type
WARNING - synthesis: Initial value found on net snake_arr[43] will be ignored due to unrecognized driver type
WARNING - synthesis: Initial value found on net snake_arr[42] will be ignored due to unrecognized driver type
WARNING - synthesis: Initial value found on net snake_arr[41] will be ignored due to unrecognized driver type
WARNING - synthesis: Initial value found on net snake_arr[40] will be ignored due to unrecognized driver type
WARNING - synthesis: Initial value found on net snake_arr[39] will be ignored due to unrecognized driver type
WARNING - synthesis: Initial value found on net snake_arr[38] will be ignored due to unrecognized driver type
WARNING - synthesis: Initial value found on net snake_arr[37] will be ignored due to unrecognized driver type
WARNING - synthesis: Initial value found on net snake_arr[36] will be ignored due to unrecognized driver type
WARNING - synthesis: Initial value found on net snake_arr[35] will be ignored due to unrecognized driver type
WARNING - synthesis: Initial value found on net snake_arr[34] will be ignored due to unrecognized driver type
WARNING - synthesis: Initial value found on net snake_arr[33] will be ignored due to unrecognized driver type
WARNING - synthesis: Initial value found on net snake_arr[32] will be ignored due to unrecognized driver type
WARNING - synthesis: Initial value found on net snake_arr[31] will be ignored due to unrecognized driver type
WARNING - synthesis: Initial value found on net snake_arr[30] will be ignored due to unrecognized driver type
WARNING - synthesis: Initial value found on net snake_arr[29] will be ignored due to unrecognized driver type
WARNING - synthesis: Initial value found on net snake_arr[28] will be ignored due to unrecognized driver type
WARNING - synthesis: Initial value found on net snake_arr[27] will be ignored due to unrecognized driver type
WARNING - synthesis: Initial value found on net snake_arr[26] will be ignored due to unrecognized driver type
WARNING - synthesis: Initial value found on net snake_arr[25] will be ignored due to unrecognized driver type
WARNING - synthesis: Initial value found on net snake_arr[24] will be ignored due to unrecognized driver type
WARNING - synthesis: Initial value found on net snake_arr[23] will be ignored due to unrecognized driver type
WARNING - synthesis: Initial value found on net snake_arr[22] will be ignored due to unrecognized driver type
WARNING - synthesis: Initial value found on net snake_arr[21] will be ignored due to unrecognized driver type
WARNING - synthesis: Initial value found on net snake_arr[20] will be ignored due to unrecognized driver type
WARNING - synthesis: Initial value found on net snake_arr[19] will be ignored due to unrecognized driver type
WARNING - synthesis: Initial value found on net snake_arr[18] will be ignored due to unrecognized driver type
WARNING - synthesis: Initial value found on net snake_arr[17] will be ignored due to unrecognized driver type
WARNING - synthesis: Initial value found on net snake_arr[16] will be ignored due to unrecognized driver type
WARNING - synthesis: Initial value found on net snake_arr[15] will be ignored due to unrecognized driver type
WARNING - synthesis: Initial value found on net snake_arr[14] will be ignored due to unrecognized driver type
WARNING - synthesis: Initial value found on net snake_arr[13] will be ignored due to unrecognized driver type
WARNING - synthesis: Initial value found on net snake_arr[12] will be ignored due to unrecognized driver type
WARNING - synthesis: Initial value found on net snake_arr[11] will be ignored due to unrecognized driver type
WARNING - synthesis: Initial value found on net snake_arr[10] will be ignored due to unrecognized driver type
WARNING - synthesis: Initial value found on net snake_arr[9] will be ignored due to unrecognized driver type
WARNING - synthesis: Initial value found on net snake_arr[8] will be ignored due to unrecognized driver type
WARNING - synthesis: Initial value found on net snake_arr[7] will be ignored due to unrecognized driver type
WARNING - synthesis: Initial value found on net snake_arr[6] will be ignored due to unrecognized driver type
WARNING - synthesis: Initial value found on net snake_arr[5] will be ignored due to unrecognized driver type
WARNING - synthesis: Initial value found on net snake_arr[4] will be ignored due to unrecognized driver type
WARNING - synthesis: Initial value found on net snake_arr[3] will be ignored due to unrecognized driver type
WARNING - synthesis: Initial value found on net snake_arr[2] will be ignored due to unrecognized driver type
WARNING - synthesis: Initial value found on net snake_arr[1] will be ignored due to unrecognized driver type
WARNING - synthesis: Initial value found on net snake_arr[0] will be ignored due to unrecognized driver type
WARNING - synthesis: Initial value found on net snake_len_in[6] will be ignored due to unrecognized driver type
WARNING - synthesis: Initial value found on net snake_len_in[5] will be ignored due to unrecognized driver type
WARNING - synthesis: Initial value found on net snake_len_in[4] will be ignored due to unrecognized driver type
WARNING - synthesis: Initial value found on net snake_len_in[3] will be ignored due to unrecognized driver type
WARNING - synthesis: Initial value found on net snake_len_in[2] will be ignored due to unrecognized driver type
WARNING - synthesis: Initial value found on net snake_len_in[1] will be ignored due to unrecognized driver type
WARNING - synthesis: Initial value found on net snake_len_in[0] will be ignored due to unrecognized driver type
WARNING - synthesis: Initial value found on net snake_head[6] will be ignored due to unrecognized driver type
WARNING - synthesis: Initial value found on net snake_head[5] will be ignored due to unrecognized driver type
WARNING - synthesis: Initial value found on net snake_head[4] will be ignored due to unrecognized driver type
WARNING - synthesis: Initial value found on net snake_head[3] will be ignored due to unrecognized driver type
WARNING - synthesis: Initial value found on net snake_head[2] will be ignored due to unrecognized driver type
WARNING - synthesis: Initial value found on net snake_head[1] will be ignored due to unrecognized driver type
WARNING - synthesis: Initial value found on net snake_head[0] will be ignored due to unrecognized driver type
WARNING - synthesis: c:/users/gsess/onedrive/documents/es4_final_proj/es4_snake/source/impl_1/display.vhd(81): input port 'scores[6]' is not connected on this instance

WARNING - synthesis: c:/users/gsess/onedrive/documents/es4_final_proj/es4_snake/source/impl_1/display.vhd(81): input port 'scores[5]' is not connected on this instance

WARNING - synthesis: c:/users/gsess/onedrive/documents/es4_final_proj/es4_snake/source/impl_1/display.vhd(81): input port 'scores[4]' is not connected on this instance

WARNING - synthesis: c:/users/gsess/onedrive/documents/es4_final_proj/es4_snake/source/impl_1/display.vhd(81): input port 'scores[3]' is not connected on this instance

WARNING - synthesis: c:/users/gsess/onedrive/documents/es4_final_proj/es4_snake/source/impl_1/display.vhd(81): input port 'scores[2]' is not connected on this instance

WARNING - synthesis: c:/users/gsess/onedrive/documents/es4_final_proj/es4_snake/source/impl_1/display.vhd(81): input port 'scores[1]' is not connected on this instance

WARNING - synthesis: c:/users/gsess/onedrive/documents/es4_final_proj/es4_snake/source/impl_1/display.vhd(81): input port 'scores[0]' is not connected on this instance

WARNING - synthesis: c:/users/gsess/onedrive/documents/es4_final_proj/es4_snake/source/impl_1/display.vhd(81): input port 'game_state[1]' is not connected on this instance

WARNING - synthesis: c:/users/gsess/onedrive/documents/es4_final_proj/es4_snake/source/impl_1/display.vhd(81): input port 'game_state[0]' is not connected on this instance

WARNING - synthesis: c:/users/gsess/onedrive/documents/es4_final_proj/es4_snake/mypll/rtl/mypll.v(139): net \display_inst/pll_init/lscc_pll_inst/sclk_i does not have a driver. VDB-1002
WARNING - synthesis: c:/users/gsess/onedrive/documents/es4_final_proj/es4_snake/mypll/rtl/mypll.v(140): net \display_inst/pll_init/lscc_pll_inst/sdi_i does not have a driver. VDB-1002
######## Missing driver on net \display_inst/pll_init/lscc_pll_inst/sclk_i. Patching with GND.
######## Missing driver on net \display_inst/pll_init/lscc_pll_inst/sdi_i. Patching with GND.



Mapped 2 multiplier(s)


######## Missing driver on net n14358. Patching with GND.
######## Missing driver on net n14355. Patching with GND.
######## Missing driver on net n14352. Patching with GND.
######## Missing driver on net n14349. Patching with GND.
######## Missing driver on net n14346. Patching with GND.
######## Missing driver on net n14343. Patching with GND.
######## Missing driver on net n14340. Patching with GND.
Combinational loop found : 1

	Net digital[4] 

	Instance \NES_inst/digital_7__I_0_i5 

Combinational loop found : 2

	Net delete_me_c_0 

	Instance \NES_inst/digital_7__I_0_i6 

Combinational loop found : 3

	Net digital[3] 

	Instance \NES_inst/digital_7__I_0_i4 

Combinational loop found : 4

	Net digital[2] 

	Instance \NES_inst/digital_7__I_0_i3 

Combinational loop found : 5

	Net digital[1] 

	Instance \NES_inst/digital_7__I_0_i2 

Combinational loop found : 6

	Net digital[0] 

	Instance \NES_inst/digital_7__I_0_i1 

Combinational loop found : 7

	Net delete_me_c_1 

	Instance \NES_inst/digital_7__I_0_i7 

Combinational loop found : 8

	Net delete_me_c_2 

	Instance \NES_inst/digital_7__I_0_i8 

WARNING - synthesis: c:/users/gsess/onedrive/documents/es4_final_proj/es4_snake/source/impl_1/board.vhd(108): Register \board_inst/apple_id_i1 is stuck at Zero. VDB-5013
WARNING - synthesis: Initial value found on instance \board_inst/snakePos_inst/snake_arr_i0 will be ignored.
WARNING - synthesis: Initial value found on instance \board_inst/snakePos_inst/snake_arr_i99 will be ignored.
WARNING - synthesis: Initial value found on instance \board_inst/snakePos_inst/snake_arr_i98 will be ignored.
WARNING - synthesis: Initial value found on instance \board_inst/snakePos_inst/snake_arr_i97 will be ignored.
WARNING - synthesis: Initial value found on instance \board_inst/snakePos_inst/snake_arr_i96 will be ignored.
WARNING - synthesis: Initial value found on instance \board_inst/snakePos_inst/snake_arr_i95 will be ignored.
WARNING - synthesis: Initial value found on instance \board_inst/snakePos_inst/snake_arr_i94 will be ignored.
WARNING - synthesis: Initial value found on instance \board_inst/snakePos_inst/snake_arr_i93 will be ignored.
WARNING - synthesis: Initial value found on instance \board_inst/snakePos_inst/snake_arr_i92 will be ignored.
WARNING - synthesis: Initial value found on instance \board_inst/snakePos_inst/snake_arr_i91 will be ignored.
WARNING - synthesis: Initial value found on instance \board_inst/snakePos_inst/snake_arr_i90 will be ignored.
WARNING - synthesis: Initial value found on instance \board_inst/snakePos_inst/snake_arr_i89 will be ignored.
WARNING - synthesis: Initial value found on instance \board_inst/snakePos_inst/snake_arr_i88 will be ignored.
WARNING - synthesis: Initial value found on instance \board_inst/snakePos_inst/snake_arr_i87 will be ignored.
WARNING - synthesis: Initial value found on instance \board_inst/snakePos_inst/snake_arr_i86 will be ignored.
WARNING - synthesis: Initial value found on instance \board_inst/snakePos_inst/snake_arr_i85 will be ignored.
WARNING - synthesis: Initial value found on instance \board_inst/snakePos_inst/snake_arr_i84 will be ignored.
WARNING - synthesis: Initial value found on instance \board_inst/snakePos_inst/snake_arr_i83 will be ignored.
WARNING - synthesis: Initial value found on instance \board_inst/snakePos_inst/snake_arr_i82 will be ignored.
WARNING - synthesis: Initial value found on instance \board_inst/snakePos_inst/snake_arr_i81 will be ignored.
WARNING - synthesis: Initial value found on instance \board_inst/snakePos_inst/snake_arr_i80 will be ignored.
WARNING - synthesis: Initial value found on instance \board_inst/snakePos_inst/snake_arr_i79 will be ignored.
WARNING - synthesis: Initial value found on instance \board_inst/snakePos_inst/snake_arr_i78 will be ignored.
WARNING - synthesis: Initial value found on instance \board_inst/snakePos_inst/snake_arr_i77 will be ignored.
WARNING - synthesis: Initial value found on instance \board_inst/snakePos_inst/snake_arr_i76 will be ignored.
WARNING - synthesis: Initial value found on instance \board_inst/snakePos_inst/snake_arr_i75 will be ignored.
WARNING - synthesis: Initial value found on instance \board_inst/snakePos_inst/snake_arr_i74 will be ignored.
WARNING - synthesis: Initial value found on instance \board_inst/snakePos_inst/snake_arr_i73 will be ignored.
WARNING - synthesis: Initial value found on instance \board_inst/snakePos_inst/snake_arr_i72 will be ignored.
WARNING - synthesis: Initial value found on instance \board_inst/snakePos_inst/snake_arr_i71 will be ignored.
WARNING - synthesis: Initial value found on instance \board_inst/snakePos_inst/snake_arr_i70 will be ignored.
WARNING - synthesis: Initial value found on instance \board_inst/snakePos_inst/snake_arr_i69 will be ignored.
WARNING - synthesis: Initial value found on instance \board_inst/snakePos_inst/snake_arr_i68 will be ignored.
WARNING - synthesis: Initial value found on instance \board_inst/snakePos_inst/snake_arr_i67 will be ignored.
WARNING - synthesis: Initial value found on instance \board_inst/snakePos_inst/snake_arr_i66 will be ignored.
WARNING - synthesis: Initial value found on instance \board_inst/snakePos_inst/snake_arr_i65 will be ignored.
WARNING - synthesis: Initial value found on instance \board_inst/snakePos_inst/snake_arr_i64 will be ignored.
WARNING - synthesis: Initial value found on instance \board_inst/snakePos_inst/snake_arr_i63 will be ignored.
WARNING - synthesis: Initial value found on instance \board_inst/snakePos_inst/snake_arr_i62 will be ignored.
WARNING - synthesis: Initial value found on instance \board_inst/snakePos_inst/snake_arr_i61 will be ignored.
WARNING - synthesis: Initial value found on instance \board_inst/snakePos_inst/snake_arr_i60 will be ignored.
WARNING - synthesis: Initial value found on instance \board_inst/snakePos_inst/snake_arr_i59 will be ignored.
WARNING - synthesis: Initial value found on instance \board_inst/snakePos_inst/snake_arr_i58 will be ignored.
WARNING - synthesis: Initial value found on instance \board_inst/snakePos_inst/snake_arr_i57 will be ignored.
WARNING - synthesis: Initial value found on instance \board_inst/snakePos_inst/snake_arr_i56 will be ignored.
WARNING - synthesis: Initial value found on instance \board_inst/snakePos_inst/snake_arr_i55 will be ignored.
WARNING - synthesis: Initial value found on instance \board_inst/snakePos_inst/snake_arr_i54 will be ignored.
WARNING - synthesis: Initial value found on instance \board_inst/snakePos_inst/snake_arr_i53 will be ignored.
WARNING - synthesis: Initial value found on instance \board_inst/snakePos_inst/snake_arr_i52 will be ignored.
WARNING - synthesis: Initial value found on instance \board_inst/snakePos_inst/snake_arr_i51 will be ignored.
WARNING - synthesis: Initial value found on instance \board_inst/snakePos_inst/snake_arr_i50 will be ignored.
WARNING - synthesis: Initial value found on instance \board_inst/snakePos_inst/snake_arr_i49 will be ignored.
WARNING - synthesis: Initial value found on instance \board_inst/snakePos_inst/snake_arr_i48 will be ignored.
WARNING - synthesis: Initial value found on instance \board_inst/snakePos_inst/snake_arr_i47 will be ignored.
WARNING - synthesis: Initial value found on instance \board_inst/snakePos_inst/snake_arr_i46 will be ignored.
WARNING - synthesis: Initial value found on instance \board_inst/snakePos_inst/snake_arr_i45 will be ignored.
WARNING - synthesis: Initial value found on instance \board_inst/snakePos_inst/snake_arr_i44 will be ignored.
WARNING - synthesis: Initial value found on instance \board_inst/snakePos_inst/snake_arr_i43 will be ignored.
WARNING - synthesis: Initial value found on instance \board_inst/snakePos_inst/snake_arr_i42 will be ignored.
WARNING - synthesis: Initial value found on instance \board_inst/snakePos_inst/snake_arr_i41 will be ignored.
WARNING - synthesis: Initial value found on instance \board_inst/snakePos_inst/snake_arr_i40 will be ignored.
WARNING - synthesis: Initial value found on instance \board_inst/snakePos_inst/snake_arr_i39 will be ignored.
WARNING - synthesis: Initial value found on instance \board_inst/snakePos_inst/snake_arr_i38 will be ignored.
WARNING - synthesis: Initial value found on instance \board_inst/snakePos_inst/snake_arr_i37 will be ignored.
WARNING - synthesis: Initial value found on instance \board_inst/snakePos_inst/snake_arr_i36 will be ignored.
WARNING - synthesis: Initial value found on instance \board_inst/snakePos_inst/snake_arr_i35 will be ignored.
WARNING - synthesis: Initial value found on instance \board_inst/snakePos_inst/snake_arr_i34 will be ignored.
WARNING - synthesis: Initial value found on instance \board_inst/snakePos_inst/snake_arr_i33 will be ignored.
WARNING - synthesis: Initial value found on instance \board_inst/snakePos_inst/snake_arr_i32 will be ignored.
WARNING - synthesis: Initial value found on instance \board_inst/snakePos_inst/snake_arr_i31 will be ignored.
WARNING - synthesis: Initial value found on instance \board_inst/snakePos_inst/snake_arr_i30 will be ignored.
WARNING - synthesis: Initial value found on instance \board_inst/snakePos_inst/snake_arr_i29 will be ignored.
WARNING - synthesis: Initial value found on instance \board_inst/snakePos_inst/snake_arr_i28 will be ignored.
WARNING - synthesis: Initial value found on instance \board_inst/snakePos_inst/snake_arr_i27 will be ignored.
WARNING - synthesis: Initial value found on instance \board_inst/snakePos_inst/snake_arr_i26 will be ignored.
WARNING - synthesis: Initial value found on instance \board_inst/snakePos_inst/snake_arr_i25 will be ignored.
WARNING - synthesis: Initial value found on instance \board_inst/snakePos_inst/snake_arr_i24 will be ignored.
WARNING - synthesis: Initial value found on instance \board_inst/snakePos_inst/snake_arr_i23 will be ignored.
WARNING - synthesis: Initial value found on instance \board_inst/snakePos_inst/snake_arr_i22 will be ignored.
WARNING - synthesis: Initial value found on instance \board_inst/snakePos_inst/snake_arr_i21 will be ignored.
WARNING - synthesis: Initial value found on instance \board_inst/snakePos_inst/snake_arr_i20 will be ignored.
WARNING - synthesis: Initial value found on instance \board_inst/snakePos_inst/snake_arr_i19 will be ignored.
WARNING - synthesis: Initial value found on instance \board_inst/snakePos_inst/snake_arr_i18 will be ignored.
WARNING - synthesis: Initial value found on instance \board_inst/snakePos_inst/snake_arr_i17 will be ignored.
WARNING - synthesis: Initial value found on instance \board_inst/snakePos_inst/snake_arr_i16 will be ignored.
WARNING - synthesis: Initial value found on instance \board_inst/snakePos_inst/snake_arr_i15 will be ignored.
WARNING - synthesis: Initial value found on instance \board_inst/snakePos_inst/snake_arr_i14 will be ignored.
WARNING - synthesis: Initial value found on instance \board_inst/snakePos_inst/snake_arr_i13 will be ignored.
WARNING - synthesis: Initial value found on instance \board_inst/snakePos_inst/snake_arr_i12 will be ignored.
WARNING - synthesis: Initial value found on instance \board_inst/snakePos_inst/snake_arr_i11 will be ignored.
WARNING - synthesis: Initial value found on instance \board_inst/snakePos_inst/snake_arr_i10 will be ignored.
WARNING - synthesis: Initial value found on instance \board_inst/snakePos_inst/snake_arr_i9 will be ignored.
WARNING - synthesis: Initial value found on instance \board_inst/snakePos_inst/snake_arr_i8 will be ignored.
WARNING - synthesis: Initial value found on instance \board_inst/snakePos_inst/snake_arr_i7 will be ignored.
WARNING - synthesis: Initial value found on instance \board_inst/snakePos_inst/snake_arr_i6 will be ignored.
WARNING - synthesis: Initial value found on instance \board_inst/snakePos_inst/snake_arr_i5 will be ignored.
WARNING - synthesis: Initial value found on instance \board_inst/snakePos_inst/snake_arr_i4 will be ignored.
WARNING - synthesis: Initial value found on instance \board_inst/snakePos_inst/snake_arr_i3 will be ignored.
WARNING - synthesis: Initial value found on instance \board_inst/snakePos_inst/snake_arr_i2 will be ignored.
WARNING - synthesis: Initial value found on instance \board_inst/snakePos_inst/snake_arr_i1 will be ignored.
INFO - synthesis: Special Primitives IFD1P3AZ and OFD1P3AZ for ThunderPlus are synthesized using IOL_B.

################### Begin Area Report (top)######################
Number of register bits => 295 of 5280 (5 % )
CCU2 => 236
FD1P3XZ => 295
HSOSC_CORE => 1
IB => 2
IOL_B => 1
LUT4 => 3777
MAC16 => 2
OB => 14
PLL_B => 1
################### End Area Report ##################
Number of odd-length carry chains : 36
Number of even-length carry chains : 16

################### Begin Clock Report ######################
Clock Nets
Number of Clocks: 4
  Net : CLK, loads : 0
  Net : pll_in_clock_c, loads : 1
  Net : display_inst/pll_init/lscc_pll_inst/pll_outcore_o_c, loads : 1
  Net : display_inst/pll_init/lscc_pll_inst/clk, loads : 0
Clock Enable Nets
Number of Clock Enables: 0
Highest fanout non-clock nets
Top 10 highest fanout non-clock nets:
  Net : board_inst/snakePos_inst/snake_head[1], loads : 104
  Net : board_inst/snakePos_inst/snake_head[2], loads : 104
  Net : board_inst/snakePos_inst/snakeCLK, loads : 102
  Net : board_inst/snakePos_inst/snake_head[0], loads : 102
  Net : n33609, loads : 93
  Net : board_inst/snake_head_6__N_6740, loads : 89
  Net : board_inst/snake_len[4], loads : 59
  Net : board_inst/game_State[1], loads : 56
  Net : board_inst/n77336, loads : 35
  Net : board_inst/game_State[0], loads : 27
################### End Clock Report ##################

Peak Memory Usage: 207 MB

--------------------------------------------------------------
Total CPU Time: 33 secs 
Total REAL Time: 36 secs 
--------------------------------------------------------------
